<?xml version="1.0" encoding="UTF-8"?>

<testsuites>
<testsuite name="TestResults" errors="0" tests="1572" failures="245" time="5184.626247600006">
<testcase classname="PackageGraphTests.CrossCompilationPackageGraphTests" name="testMacrosTests" time="0.5001329">
</testcase>
<testcase classname="PackageGraphTests.CrossCompilationPackageGraphTests" name="testMacros" time="0.5078142">
</testcase>
<testcase classname="PackageGraphTests.CrossCompilationPackageGraphTests" name="testTrivialPackage" time="0.6892829">
</testcase>
<testcase classname="PackageGraphTests.DependencyResolverTests" name="testVersionSetSpecifier" time="0.9147028">
</testcase>
<testcase classname="PackageGraphTests.ModulesGraphTests" name="testBasic" time="0.6500806">
<failure message="failed"></failure>
</testcase>
<testcase classname="PackageGraphTests.ModulesGraphTests" name="testConditionalTargetDependency" time="0.675216">
</testcase>
<testcase classname="PackageGraphTests.ModulesGraphTests" name="testCustomPlatforms" time="0.3491224">
</testcase>
<testcase classname="PackageGraphTests.ModulesGraphTests" name="testCustomNameInPackageDependency" time="0.7528278">
</testcase>
<testcase classname="PackageGraphTests.ModulesGraphTests" name="testCycle" time="0.4488951">
</testcase>
<testcase classname="PackageGraphTests.ModulesGraphTests" name="testDependencyCycleWithoutTargetCycle" time="0.68542">
</testcase>
<testcase classname="PackageGraphTests.ModulesGraphTests" name="testDependencyCycleWithoutTargetCycleV5" time="0.6728387">
</testcase>
<testcase classname="PackageGraphTests.ModulesGraphTests" name="testDependencyCycleWithoutTargetCycleV6" time="0.6002019">
</testcase>
<testcase classname="PackageGraphTests.ModulesGraphTests" name="testDependencyOnUpcomingFeatures" time="0.5779498">
</testcase>
<testcase classname="PackageGraphTests.ModulesGraphTests" name="testDependencyResolutionWithErrorMessages" time="0.3571253">
</testcase>
<testcase classname="PackageGraphTests.ModulesGraphTests" name="testDuplicateInterPackageTargetNames" time="0.3188486">
</testcase>
<testcase classname="PackageGraphTests.ModulesGraphTests" name="testDuplicateModules" time="0.2392264">
</testcase>
<testcase classname="PackageGraphTests.ModulesGraphTests" name="testDuplicateProducts" time="0.2742646">
</testcase>
<testcase classname="PackageGraphTests.ModulesGraphTests" name="testEmptyDependency" time="0.3648869">
</testcase>
<testcase classname="PackageGraphTests.ModulesGraphTests" name="testExecutableTargetDependency" time="0.2934172">
</testcase>
<testcase classname="PackageGraphTests.ModulesGraphTests" name="testLocalTargetCycle" time="0.3959399">
</testcase>
<testcase classname="PackageGraphTests.ModulesGraphTests" name="testMultipleDuplicateModules" time="0.4451192">
</testcase>
<testcase classname="PackageGraphTests.ModulesGraphTests" name="testNestedDuplicateModules" time="0.3140308">
</testcase>
<testcase classname="PackageGraphTests.ModulesGraphTests" name="testPackageNameValidationInProductTargetDependency" time="0.3199113">
</testcase>
<testcase classname="PackageGraphTests.ModulesGraphTests" name="testPlatforms" time="0.7139042">
</testcase>
<testcase classname="PackageGraphTests.ModulesGraphTests" name="testPotentiallyDuplicatePackagesRegistrySCM" time="0.514217">
</testcase>
<testcase classname="PackageGraphTests.ModulesGraphTests" name="testPotentiallyDuplicatePackages" time="0.6955309">
</testcase>
<testcase classname="PackageGraphTests.ModulesGraphTests" name="testPotentiallyDuplicatePackagesManyTargets" time="0.695117">
</testcase>
<testcase classname="PackageGraphTests.ModulesGraphTests" name="testProductDependencies" time="0.3181397">
</testcase>
<testcase classname="PackageGraphTests.ModulesGraphTests" name="testProductDependencyDeclaredInSamePackage" time="0.4880889">
</testcase>
<testcase classname="PackageGraphTests.ModulesGraphTests" name="testProductDependencyNotFoundImprovedDiagnostic" time="0.4572349">
</testcase>
<testcase classname="PackageGraphTests.ModulesGraphTests" name="testProductDependencyNotFound" time="0.4572753">
</testcase>
<testcase classname="PackageGraphTests.ModulesGraphTests" name="testProductDependencyNotFoundWithName" time="0.5948325">
</testcase>
<testcase classname="PackageGraphTests.ModulesGraphTests" name="testProductDependencyNotFoundWithNoName" time="0.4071728">
</testcase>
<testcase classname="PackageGraphTests.ModulesGraphTests" name="testProductDependencyWithNonSimilarName" time="0.3231798">
</testcase>
<testcase classname="PackageGraphTests.ModulesGraphTests" name="testProductDependencyWithSimilarName" time="0.6425425">
</testcase>
<testcase classname="PackageGraphTests.ModulesGraphTests" name="testSameProductAndTargetNames" time="0.4391635">
</testcase>
<testcase classname="PackageGraphTests.ModulesGraphTests" name="testResolutionDeterminism" time="0.4857056">
</testcase>
<testcase classname="PackageGraphTests.ModulesGraphTests" name="testResolvedPackagesStoreIsResilientAgainstDupes" time="0.5043755">
</testcase>
<testcase classname="PackageGraphTests.ModulesGraphTests" name="testSeveralDuplicateModules" time="0.3031763">
</testcase>
<testcase classname="PackageGraphTests.ModulesGraphTests" name="testTargetDependencies_Post52_LocationAndManifestNameDontMatch_ProductPackageDontMatch" time="0.3427495">
</testcase>
<testcase classname="PackageGraphTests.ModulesGraphTests" name="testTargetDependencies_Post52_AliasFindsIdentity" time="0.4061094">
</testcase>
<testcase classname="PackageGraphTests.ModulesGraphTests" name="testTargetDependencies_Post52_LocationAndManifestNameDontMatch" time="0.4051683">
</testcase>
<testcase classname="PackageGraphTests.ModulesGraphTests" name="testTargetDependencies_Post52_LocationAndManifestNameDontMatch_ProductPackageDontMatch_WithDependencyName" time="0.40879">
</testcase>
<testcase classname="PackageGraphTests.ModulesGraphTests" name="testTargetDependencies_Post52_LocationAndManifestNameDontMatch_WithDependencyName" time="0.4349287">
</testcase>
<testcase classname="PackageGraphTests.ModulesGraphTests" name="testTargetDependencies_Post52_ProductPackageNoMatch" time="0.3912052">
</testcase>
<testcase classname="PackageGraphTests.ModulesGraphTests" name="testTargetDependencies_Post52_NamesAligned" time="0.3912339">
</testcase>
<testcase classname="PackageGraphTests.ModulesGraphTests" name="testTargetDependencies_Post52_ProductPackageNoMatch_DependencyExplicitName" time="0.541507">
</testcase>
<testcase classname="PackageGraphTests.ModulesGraphTests" name="testTargetDependencies_Pre52_UnknownProduct" time="0.4239539">
</testcase>
<testcase classname="PackageGraphTests.ModulesGraphTests" name="testTargetDependencies_Post52_UnknownProduct" time="0.4275714">
</testcase>
<testcase classname="PackageGraphTests.ModulesGraphTests" name="testTargetDependencies_Pre52" time="0.6406718">
</testcase>
<testcase classname="PackageGraphTests.ModulesGraphTests" name="testTestTargetDeclInExternalPackage" time="0.5840463">
</testcase>
<testcase classname="PackageGraphTests.ModulesGraphTests" name="testTargetOnlyContainingHeaders" time="0.8076424">
</testcase>
<testcase classname="PackageGraphTests.ModulesGraphTests" name="testTargetPackageAccessParam" time="0.7619822">
</testcase>
<testcase classname="PackageGraphTests.ModulesGraphTests" name="testTraits_whenComplex" time="0.8626515">
</testcase>
<testcase classname="PackageGraphTests.ModulesGraphTests" name="testTraits_whenDependencyTraitEnabled" time="0.7279161">
</testcase>
<testcase classname="PackageGraphTests.ModulesGraphTests" name="testTraits_whenTraitEnablesDependencyTrait" time="0.7708166">
</testcase>
<testcase classname="PackageGraphTests.ModulesGraphTests" name="testTraits_whenSingleManifest_andDefaultTrait" time="0.8131586">
</testcase>
<testcase classname="PackageGraphTests.ModulesGraphTests" name="testTraits_whenTraitEnablesOtherTraits" time="0.495616">
</testcase>
<testcase classname="PackageGraphTests.ModulesGraphTests" name="testUnreachableProductsSkipped" time="0.5565226">
</testcase>
<testcase classname="PackageGraphTests.ModulesGraphTests" name="testUnsafeFlags" time="0.4712171">
</testcase>
<testcase classname="PackageGraphTests.ModulesGraphTests" name="testUnusedDependency" time="0.4916756">
</testcase>
<testcase classname="PackageGraphTests.ModulesGraphTests" name="testUnusedDependency2" time="0.4499151">
</testcase>
<testcase classname="PackageGraphTests.PubGrubBacktrackTests" name="testBacktrack1" time="0.4605692">
</testcase>
<testcase classname="PackageGraphTests.PubGrubBacktrackTests" name="testBacktrack2" time="0.3648504">
</testcase>
<testcase classname="PackageGraphTests.PubGrubBacktrackTests" name="testBacktrack3" time="0.3669426">
</testcase>
<testcase classname="PackageGraphTests.PubGrubBacktrackTests" name="testBacktrack4" time="0.3777885">
</testcase>
<testcase classname="PackageGraphTests.PubGrubBacktrackTests" name="testBacktrack5" time="0.4022406">
</testcase>
<testcase classname="PackageGraphTests.PubGrubBacktrackTests" name="testBacktrack6" time="0.3657722">
</testcase>
<testcase classname="PackageGraphTests.PubGrubBacktrackTests" name="testLogging" time="0.3780012">
</testcase>
<testcase classname="PackageGraphTests.PubGrubBacktrackTests" name="testPrereleaseExactRequirement" time="0.5504433">
</testcase>
<testcase classname="PackageGraphTests.PubGrubBacktrackTests" name="testPrereleaseInferenceThroughDependencies" time="0.2867788">
</testcase>
<testcase classname="PackageGraphTests.PubGrubBacktrackTests" name="testPrereleaseVersionSelection" time="0.2891564">
</testcase>
<testcase classname="PackageGraphTests.PubGrubBacktrackTests" name="testReleaseOverPrerelease" time="0.4392271">
</testcase>
<testcase classname="PackageGraphTests.PubGrubDiagnosticsTests" name="testConflict10" time="0.3166841">
</testcase>
<testcase classname="PackageGraphTests.PubGrubDiagnosticsTests" name="testConflict11" time="0.3143663">
</testcase>
<testcase classname="PackageGraphTests.PubGrubDiagnosticsTests" name="testConflict1" time="0.546926">
</testcase>
<testcase classname="PackageGraphTests.PubGrubDiagnosticsTests" name="testConflict12" time="0.3078002">
</testcase>
<testcase classname="PackageGraphTests.PubGrubDiagnosticsTests" name="testConflict13" time="0.4042088">
</testcase>
<testcase classname="PackageGraphTests.PubGrubDiagnosticsTests" name="testConflict15" time="0.2474974">
</testcase>
<testcase classname="PackageGraphTests.PubGrubDiagnosticsTests" name="testConflict14" time="0.4091361">
</testcase>
<testcase classname="PackageGraphTests.PubGrubDiagnosticsTests" name="testConflict16" time="0.338028">
</testcase>
<testcase classname="PackageGraphTests.PubGrubDiagnosticsTests" name="testConflict3" time="0.3609835">
</testcase>
<testcase classname="PackageGraphTests.PubGrubDiagnosticsTests" name="testConflict2" time="0.3731893">
</testcase>
<testcase classname="PackageGraphTests.PubGrubDiagnosticsTests" name="testConflict17" time="0.3882557">
</testcase>
<testcase classname="PackageGraphTests.PubGrubDiagnosticsTests" name="testConflict4" time="0.4125102">
</testcase>
<testcase classname="PackageGraphTests.PubGrubDiagnosticsTests" name="testConflict6" time="0.2518813">
</testcase>
<testcase classname="PackageGraphTests.PubGrubDiagnosticsTests" name="testConflict5" time="0.2747674">
</testcase>
<testcase classname="PackageGraphTests.PubGrubDiagnosticsTests" name="testConflict7" time="0.3248198">
</testcase>
<testcase classname="PackageGraphTests.PubGrubDiagnosticsTests" name="testConflict8" time="0.4819969">
</testcase>
<testcase classname="PackageGraphTests.PubGrubDiagnosticsTests" name="testIncompatibleToolsVersion1" time="0.4777821">
</testcase>
<testcase classname="PackageGraphTests.PubGrubDiagnosticsTests" name="testConflict9" time="0.4896757">
</testcase>
<testcase classname="PackageGraphTests.PubGrubDiagnosticsTests" name="testIncompatibleToolsVersion3" time="0.4067686">
</testcase>
<testcase classname="PackageGraphTests.PubGrubDiagnosticsTests" name="testIncompatibleToolsVersion4" time="0.5608594">
</testcase>
<testcase classname="PackageGraphTests.PubGrubDiagnosticsTests" name="testIncompatibleToolsVersion6" time="0.6086873">
</testcase>
<testcase classname="PackageGraphTests.PubGrubDiagnosticsTests" name="testIncompatibleToolsVersion5" time="0.6118416">
</testcase>
<testcase classname="PackageGraphTests.PubGrubDiagnosticsTests" name="testMissingVersion" time="0.6105023">
</testcase>
<testcase classname="PackageGraphTests.PubGrubDiagnosticsTests" name="testNonVersionDependencyInVersionDependency1" time="0.5739939">
</testcase>
<testcase classname="PackageGraphTests.PubGrubDiagnosticsTests" name="testProductsCannotResolveToDifferentVersions" time="0.5513187">
</testcase>
<testcase classname="PackageGraphTests.PubGrubDiagnosticsTests" name="testNonVersionDependencyInVersionDependency3" time="0.5513885">
</testcase>
<testcase classname="PackageGraphTests.PubGrubDiagnosticsTests" name="testNonVersionDependencyInVersionDependency2" time="0.5534462">
</testcase>
<testcase classname="PackageGraphTests.PubGrubDiagnosticsTests" name="testResolutionBetaVersionNonExistentTransitiveVersion" time="0.6206667">
</testcase>
<testcase classname="PackageGraphTests.PubGrubDiagnosticsTests" name="testResolutionNonExistentBetaVersion" time="0.6508948">
</testcase>
<testcase classname="PackageGraphTests.PubGrubDiagnosticsTests" name="testResolutionBranchingErrorReporting" time="0.6576665">
</testcase>
<testcase classname="PackageGraphTests.PubGrubDiagnosticsTests" name="testResolutionLinearErrorReporting" time="0.6576441">
</testcase>
<testcase classname="PackageGraphTests.PubGrubDiagnosticsTests" name="testResolutionNonExistentTransitiveBetaVersion" time="0.5516992">
</testcase>
<testcase classname="PackageGraphTests.PubGrubDiagnosticsTests" name="testResolutionNonExistentTransitiveVersion" time="0.4582543">
</testcase>
<testcase classname="PackageGraphTests.PubGrubDiagnosticsTests" name="testResolutionNonExistentVersion" time="0.4516745">
</testcase>
<testcase classname="PackageGraphTests.PubGrubDiagnosticsTests" name="testResolutionWithOverridingBranchBasedDependency4" time="0.4516651">
</testcase>
<testcase classname="PackageGraphTests.PubGrubDiagnosticsTests" name="testUnversioned6" time="0.2194148">
</testcase>
<testcase classname="PackageGraphTests.PubGrubTests" name="testBranchBasedResolvedPackage" time="0.2765188">
</testcase>
<testcase classname="PackageGraphTests.PubGrubTests" name="testBranchBasedPackageCycle" time="0.2765889">
</testcase>
<testcase classname="PackageGraphTests.PubGrubTests" name="testBranchOverriding3" time="0.2799337">
</testcase>
<testcase classname="PackageGraphTests.PubGrubTests" name="testBranchOverriding4" time="0.1734648">
</testcase>
<testcase classname="PackageGraphTests.PubGrubTests" name="testDelegate" time="0.2994983">
</testcase>
<testcase classname="PackageGraphTests.PubGrubTests" name="testCycle1" time="0.304838">
</testcase>
<testcase classname="PackageGraphTests.PubGrubTests" name="testCycle2" time="0.4146646">
</testcase>
<testcase classname="PackageGraphTests.PubGrubTests" name="testHappyPath1" time="0.3757247">
</testcase>
<testcase classname="PackageGraphTests.PubGrubTests" name="testHappyPath2" time="0.4015979">
</testcase>
<testcase classname="PackageGraphTests.PubGrubTests" name="testHappyPath10" time="0.4035461">
</testcase>
<testcase classname="PackageGraphTests.PubGrubTests" name="testHappyPath4" time="0.452458">
</testcase>
<testcase classname="PackageGraphTests.PubGrubTests" name="testHappyPath3" time="0.4528547">
</testcase>
<testcase classname="PackageGraphTests.PubGrubTests" name="testHappyPath6" time="0.3757857">
</testcase>
<testcase classname="PackageGraphTests.PubGrubTests" name="testHappyPath5" time="0.3912145">
</testcase>
<testcase classname="PackageGraphTests.PubGrubTests" name="testHappyPath8" time="0.3083331">
</testcase>
<testcase classname="PackageGraphTests.PubGrubTests" name="testHappyPath7" time="0.4529267">
</testcase>
<testcase classname="PackageGraphTests.PubGrubTests" name="testIncompatibilityNormalizeTermsOnInit" time="0.3841316">
</testcase>
<testcase classname="PackageGraphTests.PubGrubTests" name="testHappyPath9" time="0.4711244">
</testcase>
<testcase classname="PackageGraphTests.PubGrubTests" name="testLocalPackageCycle" time="0.4075577">
</testcase>
<testcase classname="PackageGraphTests.PubGrubTests" name="testIncompatibleToolsVersion2" time="0.7652284">
</testcase>
<testcase classname="PackageGraphTests.PubGrubTests" name="testMissingResolvedPackage" time="0.4891995">
</testcase>
<testcase classname="PackageGraphTests.PubGrubTests" name="testNoInfiniteLoop" time="0.4179977">
</testcase>
<testcase classname="PackageGraphTests.PubGrubTests" name="testNonExistentPackage" time="0.3768144">
</testcase>
<testcase classname="PackageGraphTests.PubGrubTests" name="testNonVersionDependencyInVersionDependency2" time="0.248996">
</testcase>
<testcase classname="PackageGraphTests.PubGrubTests" name="testPositiveTerms" time="0.2569488">
</testcase>
<testcase classname="PackageGraphTests.PubGrubTests" name="testPartialResolvedPackages" time="0.297915">
</testcase>
<testcase classname="PackageGraphTests.PubGrubTests" name="testPubGrubPackageContainerCacheParameterization" time="0.1640923">
</testcase>
<testcase classname="PackageGraphTests.PubGrubTests" name="testRadar93335995" time="0.3186691">
</testcase>
<testcase classname="PackageGraphTests.PubGrubTests" name="testResolutionAvoidingConflictResolutionDuringDecisionMaking" time="0.3612917">
</testcase>
<testcase classname="PackageGraphTests.PubGrubTests" name="testResolutionConflictResolutionWithAPartialSatisfier" time="0.4092726">
</testcase>
<testcase classname="PackageGraphTests.PubGrubTests" name="testResolutionNoConflicts" time="0.4094752">
</testcase>
<testcase classname="PackageGraphTests.PubGrubTests" name="testResolutionPerformingConflictResolution" time="0.430745">
</testcase>
<testcase classname="PackageGraphTests.PubGrubTests" name="testResolutionWithOverridingBranchBasedDependency3" time="0.476673">
</testcase>
<testcase classname="PackageGraphTests.PubGrubTests" name="testResolutionWithOverridingBranchBasedDependency" time="0.5655966">
</testcase>
<testcase classname="PackageGraphTests.PubGrubTests" name="testResolutionWithOverridingBranchBasedDependency2" time="0.4770668">
</testcase>
<testcase classname="PackageGraphTests.PubGrubTests" name="testResolutionWithRevisionConflict" time="0.4719447">
</testcase>
<testcase classname="PackageGraphTests.PubGrubTests" name="testResolverAddIncompatibility" time="0.3844997">
</testcase>
<testcase classname="PackageGraphTests.PubGrubTests" name="testResolutionWithSimpleBranchBasedDependency2" time="0.7760242">
</testcase>
<testcase classname="PackageGraphTests.PubGrubTests" name="testResolutionWithSimpleBranchBasedDependency" time="0.7762163">
</testcase>
<testcase classname="PackageGraphTests.PubGrubTests" name="testResolutionWithUnavailableRevision" time="0.7760781">
</testcase>
<testcase classname="PackageGraphTests.PubGrubTests" name="testResolverConflictResolution" time="0.3331903">
</testcase>
<testcase classname="PackageGraphTests.PubGrubTests" name="testSolutionAddAssignments" time="0.3795611">
</testcase>
<testcase classname="PackageGraphTests.PubGrubTests" name="testResolverDecisionMaking" time="0.3796449">
</testcase>
<testcase classname="PackageGraphTests.PubGrubTests" name="testResolverUnitPropagation" time="0.3797024">
</testcase>
<testcase classname="PackageGraphTests.PubGrubTests" name="testSolutionBacktrack" time="0.3707427">
</testcase>
<testcase classname="PackageGraphTests.PubGrubTests" name="testSolutionFindSatisfiers" time="0.3689092">
</testcase>
<testcase classname="PackageGraphTests.PubGrubTests" name="testTermInverse" time="0.2012573">
</testcase>
<testcase classname="PackageGraphTests.PubGrubTests" name="testSolutionUndecided" time="0.4135195">
</testcase>
<testcase classname="PackageGraphTests.PubGrubTests" name="testSolutionPositive" time="0.4143242">
</testcase>
<testcase classname="PackageGraphTests.PubGrubTests" name="testTermIsValidDecision" time="0.2453742">
</testcase>
<testcase classname="PackageGraphTests.PubGrubTests" name="testTermRelation" time="0.3723253">
</testcase>
<testcase classname="PackageGraphTests.PubGrubTests" name="testTermSatisfies" time="0.4025699">
</testcase>
<testcase classname="PackageGraphTests.PubGrubTests" name="testTrivialResolvedPackagesStore" time="0.4019108">
</testcase>
<testcase classname="PackageGraphTests.PubGrubTests" name="testUnreachableProductsSkipped" time="0.2974966">
</testcase>
<testcase classname="PackageGraphTests.PubGrubTests" name="testUnversioned1" time="0.2948192">
</testcase>
<testcase classname="PackageGraphTests.PubGrubTests" name="testUnversioned4" time="0.2149469">
</testcase>
<testcase classname="PackageGraphTests.PubGrubTests" name="testUnversioned2" time="0.322079">
</testcase>
<testcase classname="PackageGraphTests.PubGrubTests" name="testUnversioned3" time="0.3223563">
</testcase>
<testcase classname="PackageGraphTests.PubGrubTests" name="testUnversioned5" time="0.2585881">
</testcase>
<testcase classname="PackageGraphTests.PubGrubTests" name="testUnversioned9" time="0.2822168">
</testcase>
<testcase classname="PackageGraphTests.PubGrubTests" name="testUnversioned7" time="0.3233435">
</testcase>
<testcase classname="PackageGraphTests.PubGrubTests" name="testUnversioned8" time="0.3118685">
</testcase>
<testcase classname="PackageGraphTests.PubGrubTests" name="testUpdatePackageIdentifierAfterResolution" time="0.2619439">
</testcase>
<testcase classname="PackageGraphTests.PubGrubTests" name="testUsecase1" time="0.3037547">
</testcase>
<testcase classname="PackageGraphTests.PubGrubTestsBasicGraphs" name="testSharedDependency1" time="0.4003961">
</testcase>
<testcase classname="PackageGraphTests.PubGrubTestsBasicGraphs" name="testFallbacksToOlderVersion" time="0.4133796">
</testcase>
<testcase classname="PackageGraphTests.PubGrubTestsBasicGraphs" name="testSharedDependency2" time="0.4183008">
</testcase>
<testcase classname="PackageGraphTests.PubGrubTestsBasicGraphs" name="testSimple1" time="0.5451569">
</testcase>
<testcase classname="PackageGraphTests.ResolvedModuleDependencyTests" name="test2" time="0.5641491">
</testcase>
<testcase classname="PackageGraphTests.ResolvedModuleDependencyTests" name="test1" time="0.5856696">
</testcase>
<testcase classname="PackageGraphTests.ResolvedModuleDependencyTests" name="test4" time="0.2593424">
</testcase>
<testcase classname="PackageGraphTests.ResolvedModuleDependencyTests" name="test3" time="0.6382876">
</testcase>
<testcase classname="PackageGraphTests.ResolvedModuleDependencyTests" name="test5" time="0.3141334">
</testcase>
<testcase classname="PackageGraphTests.ResolvedModuleDependencyTests" name="test6" time="0.3060602">
</testcase>
<testcase classname="PackageGraphTests.ResolvedModuleDependencyTests" name="testConditions" time="0.5323441">
</testcase>
<testcase classname="PackageGraphTests.VersionSetSpecifierTests" name="testDifference" time="0.4240539">
</testcase>
<testcase classname="PackageGraphTests.TopologicalSortTests" name="testTopologicalSort" time="0.7512147">
</testcase>
<testcase classname="PackageGraphTests.VersionSetSpecifierTests" name="testEquality" time="0.895248">
</testcase>
<testcase classname="PackageGraphTests.VersionSetSpecifierTests" name="testPrereleases" time="0.636865">
</testcase>
<testcase classname="PackageGraphTests.VersionSetSpecifierTests" name="testIntersection" time="0.7425658">
</testcase>
<testcase classname="PackageGraphTests.VersionSetSpecifierTests" name="testUnion" time="0.9800688">
</testcase>
<testcase classname="PackageGraphPerformanceTests.DependencyResolverRealWorldPerfTests" name="testKituraPubGrub_X100" time="1.0444181">
</testcase>
<testcase classname="PackageGraphPerformanceTests.DependencyResolverRealWorldPerfTests" name="testPerfectPubGrub_X100" time="1.1320811">
</testcase>
<testcase classname="PackageGraphPerformanceTests.DependencyResolverRealWorldPerfTests" name="testSourceKittenPubGrub_X100" time="1.1310689">
</testcase>
<testcase classname="PackageGraphPerformanceTests.DependencyResolverRealWorldPerfTests" name="testZewoPubGrub_X100" time="0.680129">
</testcase>
<testcase classname="PackageGraphPerformanceTests.PackageGraphPerfTests" name="testLoading100Packages" time="0.6348552">
</testcase>
<testcase classname="BasicsTests.AdjacencyMatrixTests" name="testBits" time="0.5467732">
</testcase>
<testcase classname="BasicsTests.AdjacencyMatrixTests" name="testEmpty" time="0.3590293">
</testcase>
<testcase classname="BasicsTests.AsyncProcessTests" name="testAsyncStream" time="0.5393088">
<failure message="failed"></failure>
</testcase>
<testcase classname="PackageGraphPerformanceTests.PackageGraphPerfTests" name="testEfficientCycleDetection" time="1.4647832">
</testcase>
<testcase classname="BasicsTests.AsyncProcessTests" name="testAsyncStreamHighLevelAPI" time="0.3534072">
<failure message="failed"></failure>
</testcase>
<testcase classname="BasicsTests.AsyncProcessTests" name="testCheckNonZeroExit" time="0.2390875">
<failure message="failed"></failure>
</testcase>
<testcase classname="BasicsTests.AsyncProcessTests" name="testBasics" time="0.3157166">
<failure message="failed"></failure>
</testcase>
<testcase classname="BasicsTests.AsyncProcessTests" name="testCheckNonZeroExitAsync" time="0.3445274">
<failure message="failed"></failure>
</testcase>
<testcase classname="BasicsTests.AsyncProcessTests" name="testFindExecutable" time="0.3304349">
<failure message="failed"></failure>
</testcase>
<testcase classname="BasicsTests.AsyncProcessTests" name="testNonExecutableLaunch" time="0.2684205">
</testcase>
<testcase classname="BasicsTests.AsyncProcessTests" name="testPopen" time="1.1744542">
<failure message="failed"></failure>
</testcase>
<testcase classname="BasicsTests.AsyncProcessTests" name="testPopenAsync" time="1.0849266">
</testcase>
<testcase classname="BasicsTests.AsyncProcessTests" name="testPopenLegacyAsync" time="1.0848803">
</testcase>
<testcase classname="BasicsTests.AsyncProcessTests" name="testStdoutStdErrAsync" time="0.4554187">
<failure message="failed"></failure>
</testcase>
<testcase classname="BasicsTests.AsyncProcessTests" name="testStdin" time="0.6563694">
<failure message="failed"></failure>
</testcase>
<testcase classname="BasicsTests.AsyncProcessTests" name="testStdoutStdErr" time="0.6563633">
<failure message="failed"></failure>
</testcase>
<testcase classname="BasicsTests.AsyncProcessTests" name="testStdoutStdErrRedirected" time="0.2374952">
<failure message="failed"></failure>
</testcase>
<testcase classname="BasicsTests.AsyncProcessTests" name="testStdoutStdErrStreamingRedirected" time="0.2910827">
<failure message="failed"></failure>
</testcase>
<testcase classname="BasicsTests.AsyncProcessTests" name="testStdoutStdErrStreaming" time="0.2949953">
<failure message="failed"></failure>
</testcase>
<testcase classname="BasicsTests.AsyncProcessTests" name="testThreadSafetyOnWaitUntilExit" time="0.2666156">
<failure message="failed"></failure>
</testcase>
<testcase classname="BasicsTests.AuthorizationProviderTests" name="testBasicAPIs" time="0.3345509">
</testcase>
<testcase classname="BasicsTests.AuthorizationProviderTests" name="testComposite" time="0.4434734">
</testcase>
<testcase classname="BasicsTests.AsyncProcessTests" name="testWorkingDirectory" time="0.8929142">
<failure message="failed"></failure>
</testcase>
<testcase classname="BasicsTests.AsyncProcessTests" name="testThreadSafetyOnWaitUntilExitAsync" time="0.952345">
<failure message="failed"></failure>
</testcase>
<testcase classname="BasicsTests.AuthorizationProviderTests" name="testKeychain_port" time="0.8246863">
</testcase>
<testcase classname="BasicsTests.AuthorizationProviderTests" name="testNetrc" time="0.6734578">
</testcase>
<testcase classname="BasicsTests.AuthorizationProviderTests" name="testKeychain_protocol" time="0.9782427">
</testcase>
<testcase classname="BasicsTests.ByteStringExtensionsTests" name="testSHA256Checksum" time="0.619697">
</testcase>
<testcase classname="BasicsTests.AuthorizationProviderTests" name="testProtocolHostPort" time="0.6660254">
</testcase>
<testcase classname="BasicsTests.CancellatorTests" name="testConcurrency" time="0.870078">
</testcase>
<testcase classname="BasicsTests.CancellatorTests" name="testFoundationProcessForceKill" time="0.7655933">
</testcase>
<testcase classname="BasicsTests.CancellatorTests" name="testFoundationProcess" time="1.1838619">
</testcase>
<testcase classname="BasicsTests.CancellatorTests" name="testHappyCase" time="0.9622285">
</testcase>
<testcase classname="BasicsTests.CancellatorTests" name="testTSCProcess" time="0.792414">
</testcase>
<testcase classname="BasicsTests.CancellatorTests" name="testTSCProcessForceKill" time="0.4108043">
</testcase>
<testcase classname="BasicsTests.CancellatorTests" name="testTimeout" time="1.3822283">
</testcase>
<testcase classname="PackageGraphPerformanceTests.PackageGraphPerfTests" name="testRecursiveDependencies" time="10.8102195">
<failure message="failed"></failure>
</testcase>
<testcase classname="BasicsTests.DictionaryTests" name="testThrowingUniqueKeysWithValues" time="0.8219402">
</testcase>
<testcase classname="BasicsTests.DirectedGraphTests" name="testNodesConnection" time="0.7554471">
</testcase>
<testcase classname="BasicsTests.DispatchTimeTests" name="testDifferenceNegative" time="0.2554511">
</testcase>
<testcase classname="BasicsTests.DispatchTimeTests" name="testDifferencePositive" time="0.4938228">
</testcase>
<testcase classname="BasicsTests.EnvironmentKeyTests" name="test_comparable" time="0.4343892">
</testcase>
<testcase classname="BasicsTests.EnvironmentKeyTests" name="test_customStringConvertible" time="0.5578337">
</testcase>
<testcase classname="BasicsTests.EnvironmentKeyTests" name="test_decodable" time="0.2935117">
</testcase>
<testcase classname="BasicsTests.EnvironmentKeyTests" name="test_encodable" time="0.167192">
</testcase>
<testcase classname="BasicsTests.EnvironmentKeyTests" name="test_equatable" time="0.2503908">
</testcase>
<testcase classname="BasicsTests.EnvironmentKeyTests" name="test_expressibleByStringLiteral" time="0.3940825">
</testcase>
<testcase classname="BasicsTests.EnvironmentKeyTests" name="test_hashable" time="0.3363403">
</testcase>
<testcase classname="BasicsTests.EnvironmentKeyTests" name="test_rawRepresentable" time="0.7823113">
</testcase>
<testcase classname="BasicsTests.EnvironmentTests" name="testProcess" time="0.7358102">
</testcase>
<testcase classname="BasicsTests.EnvironmentTests" name="test_appendPath" time="0.8059567">
</testcase>
<testcase classname="BasicsTests.EnvironmentTests" name="test_cachable" time="1.2934761">
</testcase>
<testcase classname="BasicsTests.EnvironmentTests" name="test_collection" time="1.0256984">
</testcase>
<testcase classname="BasicsTests.EnvironmentTests" name="test_current" time="0.7838279">
<failure message="failed"></failure>
</testcase>
<testcase classname="BasicsTests.EnvironmentTests" name="test_decodable" time="0.8189032">
</testcase>
<testcase classname="BasicsTests.EnvironmentTests" name="test_description" time="0.4481469">
</testcase>
<testcase classname="BasicsTests.EnvironmentTests" name="test_encodable" time="0.5023429">
</testcase>
<testcase classname="BasicsTests.EnvironmentTests" name="test_equatable" time="0.4202846">
</testcase>
<testcase classname="BasicsTests.EnvironmentTests" name="test_expressibleByDictionaryLiteral" time="0.3546175">
</testcase>
<testcase classname="BasicsTests.EnvironmentTests" name="test_init" time="0.4143895">
</testcase>
<testcase classname="BasicsTests.EnvironmentTests" name="test_initDictionaryFromSelf" time="0.5976998">
<failure message="failed"></failure>
</testcase>
<testcase classname="BasicsTests.EnvironmentTests" name="test_initSelfFromDictionary" time="0.6651157">
</testcase>
<testcase classname="BasicsTests.EnvironmentTests" name="test_makeCustom" time="1.2852615">
</testcase>
<testcase classname="BasicsTests.EnvironmentTests" name="test_pathEntryDelimiter" time="0.5951408">
</testcase>
<testcase classname="BasicsTests.EnvironmentTests" name="test_prependPath" time="0.5235295">
</testcase>
<testcase classname="BasicsTests.EnvironmentTests" name="test_subscript" time="0.8705507">
</testcase>
<testcase classname="BasicsTests.FileSystemTests" name="testStripFirstLevelComponent" time="0.861973">
</testcase>
<testcase classname="BasicsTests.FileSystemTests" name="testStripFirstLevelComponentErrors" time="0.805345">
</testcase>
<testcase classname="BasicsTests.HTTPClientTests" name="testAuthorization" time="0.3025252">
</testcase>
<testcase classname="BasicsTests.HTTPClientTests" name="testDelete" time="0.2104505">
</testcase>
<testcase classname="BasicsTests.HTTPClientTests" name="testExceedsDownloadSizeLimitProgress" time="0.383808">
</testcase>
<testcase classname="BasicsTests.HTTPClientTests" name="testExponentialBackoff" time="2.8629846">
<failure message="failed"></failure>
</testcase>
<testcase classname="BasicsTests.HTTPClientTests" name="testExtraHeaders" time="0.8163513">
</testcase>
<testcase classname="BasicsTests.HTTPClientTests" name="testGet" time="0.8124308">
</testcase>
<testcase classname="BasicsTests.HTTPClientTests" name="testHTTPClientHeaders" time="0.4592948">
</testcase>
<testcase classname="BasicsTests.HTTPClientTests" name="testHead" time="0.6623872">
</testcase>
<testcase classname="BasicsTests.HTTPClientTests" name="testHostCircuitBreaker" time="0.5331924">
</testcase>
<testcase classname="BasicsTests.HTTPClientTests" name="testHostCircuitBreakerAging" time="2.03002">
</testcase>
<testcase classname="BasicsTests.HTTPClientTests" name="testMaxConcurrency" time="0.4010145">
</testcase>
<testcase classname="BasicsTests.HTTPClientTests" name="testNoUserAgent" time="0.9489492">
</testcase>
<testcase classname="BasicsTests.HTTPClientTests" name="testPost" time="0.3296677">
</testcase>
<testcase classname="BasicsTests.HTTPClientTests" name="testPut" time="0.4472689">
</testcase>
<testcase classname="BasicsTests.HTTPClientTests" name="testUserAgent" time="0.287231">
</testcase>
<testcase classname="BasicsTests.HTTPClientTests" name="testValidResponseCodes" time="0.506612">
</testcase>
<testcase classname="BasicsTests.LegacyHTTPClientTests" name="testAuthorization" time="0.5927928">
</testcase>
<testcase classname="BasicsTests.LegacyHTTPClientTests" name="testCancel" time="0.7272081">
</testcase>
<testcase classname="BasicsTests.LegacyHTTPClientTests" name="testDelete" time="0.2626796">
</testcase>
<testcase classname="BasicsTests.LegacyHTTPClientTests" name="testExceedsDownloadSizeLimitProgress" time="0.2091438">
</testcase>
<testcase classname="BasicsTests.LegacyHTTPClientTests" name="testExponentialBackoff" time="1.7839115">
</testcase>
<testcase classname="BasicsTests.LegacyHTTPClientTests" name="testExtraHeaders" time="0.2460208">
</testcase>
<testcase classname="BasicsTests.LegacyHTTPClientTests" name="testGet" time="0.3370173">
</testcase>
<testcase classname="BasicsTests.LegacyHTTPClientTests" name="testHead" time="1.0903293">
</testcase>
<testcase classname="BasicsTests.LegacyHTTPClientTests" name="testHostCircuitBreaker" time="0.6678565">
</testcase>
<testcase classname="BasicsTests.LegacyHTTPClientTests" name="testHostCircuitBreakerAging" time="0.7774579">
</testcase>
<testcase classname="BasicsTests.LegacyHTTPClientTests" name="testMaxConcurrency" time="0.588247">
</testcase>
<testcase classname="BasicsTests.LegacyHTTPClientTests" name="testNoUserAgent" time="0.3345345">
</testcase>
<testcase classname="BasicsTests.LegacyHTTPClientTests" name="testPost" time="0.3691683">
</testcase>
<testcase classname="BasicsTests.LegacyHTTPClientTests" name="testPut" time="0.2423503">
</testcase>
<testcase classname="BasicsTests.LegacyHTTPClientTests" name="testUserAgent" time="0.1315939">
</testcase>
<testcase classname="BasicsTests.LegacyHTTPClientTests" name="testValidResponseCodes" time="0.1336864">
</testcase>
<testcase classname="BasicsTests.NetrcTests" name="testAllCommentPermutations" time="0.1144644">
</testcase>
<testcase classname="BasicsTests.NetrcTests" name="testAllHashQuotingPermutations" time="0.1415362">
</testcase>
<testcase classname="BasicsTests.NetrcTests" name="testComments" time="0.1536921">
</testcase>
<testcase classname="BasicsTests.NetrcTests" name="testEmptyMachineValueFollowedByDefaultNoError" time="0.1550059">
</testcase>
<testcase classname="BasicsTests.NetrcTests" name="testErrorEmptyMachineValue" time="0.1700141">
</testcase>
<testcase classname="BasicsTests.NetrcTests" name="testErrorMachineParameterMissing" time="0.122413">
</testcase>
<testcase classname="BasicsTests.NetrcTests" name="testErrorOnMultipleDefault" time="0.1222935">
</testcase>
<testcase classname="BasicsTests.NetrcTests" name="testIBMDocumentation" time="0.1353312">
</testcase>
<testcase classname="BasicsTests.NetrcTests" name="testLoadDefaultMachine" time="0.2409358">
</testcase>
<testcase classname="BasicsTests.NetrcTests" name="testLoadMachinesInline" time="0.1467545">
</testcase>
<testcase classname="BasicsTests.NetrcTests" name="testLoadMachinesMultiLine" time="0.2793643">
</testcase>
<testcase classname="BasicsTests.NetrcTests" name="testLoadMachinesMultilineComments" time="0.3724137">
</testcase>
<testcase classname="BasicsTests.NetrcTests" name="testLoadMachinesMultilineWhitespaces" time="0.1566716">
</testcase>
<testcase classname="BasicsTests.NetrcTests" name="testLoadMultipleMachinesInline" time="0.3407973">
</testcase>
<testcase classname="BasicsTests.NetrcTests" name="testLoadMultipleMachinesMultiline" time="0.5686399">
</testcase>
<testcase classname="BasicsTests.NetrcTests" name="testNoErrorMixedAccount" time="0.240089">
</testcase>
<testcase classname="BasicsTests.NetrcTests" name="testNoErrorMultipleMacdefAndComments" time="0.2278276">
</testcase>
<testcase classname="BasicsTests.NetrcTests" name="testNoErrorTrailingAccountMacdefDefault" time="0.1770709">
</testcase>
<testcase classname="BasicsTests.NetrcTests" name="testNoReturnAuthorizationForNoMachineMatch" time="0.2675866">
</testcase>
<testcase classname="BasicsTests.NetrcTests" name="testOutOfOrderDefault" time="0.3781936">
</testcase>
<testcase classname="BasicsTests.NetrcTests" name="testQuotedMachine" time="0.4102406">
</testcase>
<testcase classname="BasicsTests.NetrcTests" name="testRegexParsing" time="0.1422171">
</testcase>
<testcase classname="BasicsTests.NetrcTests" name="testReturnAuthorizationForMachineMatch" time="0.1186054">
</testcase>
<testcase classname="BasicsTests.NetrcTests" name="testReturnNoAuthorizationForUnmatched" time="0.1455944">
</testcase>
<testcase classname="BasicsTests.ObservabilitySystemTest" name="testBasicDiagnostics" time="0.1519569">
</testcase>
<testcase classname="BasicsTests.ObservabilitySystemTest" name="testDiagnosticsErrorDescription" time="0.1260373">
</testcase>
<testcase classname="BasicsTests.ObservabilitySystemTest" name="testDiagnosticsMetadataMerge" time="0.1266447">
</testcase>
<testcase classname="BasicsTests.ObservabilitySystemTest" name="testScopes" time="0.1015344">
</testcase>
<testcase classname="BasicsTests.PathShimTests" name="testRescursiveDirectoryCreation" time="0.1179903">
</testcase>
<testcase classname="BasicsTests.PathTests" name="testAbsolutePathValidation" time="0.08321">
<failure message="failed"></failure>
</testcase>
<testcase classname="BasicsTests.PathTests" name="testAncestry" time="0.0806444">
</testcase>
<testcase classname="BasicsTests.PathTests" name="testBaseNameExtraction" time="0.0902211">
<failure message="failed"></failure>
</testcase>
<testcase classname="BasicsTests.PathTests" name="testBaseNameWithoutExt" time="0.1331313">
<failure message="failed"></failure>
</testcase>
<testcase classname="BasicsTests.PathTests" name="testBasics" time="0.1009099">
</testcase>
<testcase classname="BasicsTests.PathTests" name="testCodable" time="0.1012161">
<failure message="failed"></failure>
</testcase>
<testcase classname="BasicsTests.PathTests" name="testCombinationsAndEdgeCases" time="0.0819234">
<failure message="failed"></failure>
</testcase>
<testcase classname="BasicsTests.PathTests" name="testComparison" time="0.0766196">
</testcase>
<testcase classname="BasicsTests.PathTests" name="testConcatenation" time="0.1002374">
<failure message="failed"></failure>
</testcase>
<testcase classname="BasicsTests.PathTests" name="testDirectoryNameExtraction" time="0.0849768">
<failure message="failed"></failure>
</testcase>
<testcase classname="BasicsTests.PathTests" name="testDotDotPathComponents" time="0.0880646">
<failure message="failed"></failure>
</testcase>
<testcase classname="BasicsTests.PathTests" name="testDotPathComponents" time="0.0821513">
<failure message="failed"></failure>
</testcase>
<testcase classname="BasicsTests.PathTests" name="testParentDirectory" time="0.0850336">
<failure message="failed"></failure>
</testcase>
<testcase classname="BasicsTests.PathTests" name="testPathComponents" time="0.0835783">
<failure message="failed"></failure>
</testcase>
<testcase classname="BasicsTests.PathTests" name="testRelativePathFromAbsolutePaths" time="0.1171985">
</testcase>
<testcase classname="BasicsTests.PathTests" name="testRelativePathValidation" time="0.111914">
<failure message="failed"></failure>
</testcase>
<testcase classname="BasicsTests.PathTests" name="testRepeatedPathSeparators" time="0.1550819">
<failure message="failed"></failure>
</testcase>
<testcase classname="BasicsTests.PathTests" name="testStringInitialization" time="0.1860469">
</testcase>
<testcase classname="BasicsTests.PathTests" name="testStringLiteralInitialization" time="0.1561711">
</testcase>
<testcase classname="BasicsTests.PathTests" name="testSuffixExtraction" time="0.1328541">
<failure message="failed"></failure>
</testcase>
<testcase classname="BasicsTests.PathTests" name="testTrailingPathSeparators" time="0.1246665">
<failure message="failed"></failure>
</testcase>
<testcase classname="BasicsTests.ProgressAnimationTests" name="testThrottledPercentProgressAnimation" time="0.1416788">
</testcase>
<testcase classname="BasicsTests.SQLiteBackedCacheTests" name="testFileCorrupt" time="0.2837937">
</testcase>
<testcase classname="BasicsTests.SQLiteBackedCacheTests" name="testFileDeleted" time="0.144897">
</testcase>
<testcase classname="BasicsTests.SQLiteBackedCacheTests" name="testHappyCase" time="1.0310032">
</testcase>
<testcase classname="BasicsTests.SQLiteBackedCacheTests" name="testInitialFileCreation" time="0.5804295">
</testcase>
<testcase classname="BasicsTests.SQLiteBackedCacheTests" name="testMaxSizeHandled" time="0.8786817">
</testcase>
<testcase classname="BasicsTests.SQLiteBackedCacheTests" name="testMaxSizeNotHandled" time="0.9359757">
</testcase>
<testcase classname="BasicsTests.SandboxTest" name="testDeterministicOrdering" time="0.6075803">
</testcase>
<testcase classname="BasicsTests.SandboxTest" name="testExecuteAllowed" time="0.4658711">
</testcase>
<testcase classname="BasicsTests.SandboxTest" name="testNetworkNotAllowed" time="0.6108387">
</testcase>
<testcase classname="BasicsTests.SandboxTest" name="testReadAllowed" time="0.4836265">
</testcase>
<testcase classname="BasicsTests.SandboxTest" name="testRemoveNotAllowed" time="0.8857309">
</testcase>
<testcase classname="BasicsTests.SandboxTest" name="testSandboxOnAllPlatforms" time="1.8518254">
</testcase>
<testcase classname="BasicsTests.SandboxTest" name="testWritableAllowed" time="0.6718484">
</testcase>
<testcase classname="BasicsTests.SandboxTest" name="testWritableNotAllowed" time="0.7572003">
</testcase>
<testcase classname="BasicsTests.SandboxTest" name="testWritingToReadOnlyInsideWritableNotAllowed" time="2.6480501">
</testcase>
<testcase classname="BasicsTests.SandboxTest" name="testWritingToTemporaryDirectoryAllowed" time="0.7042869">
</testcase>
<testcase classname="BasicsTests.SandboxTest" name="testWritingToWritableInsideReadOnlyAllowed" time="0.4917365">
</testcase>
<testcase classname="BasicsTests.SerializedJSONTests" name="testPathInterpolation" time="22.8306801">
<failure message="failed"></failure>
</testcase>
<testcase classname="BasicsTests.StringExtensionsTests" name="testDropPrefix" time="0.4245012">
</testcase>
<testcase classname="BasicsTests.StringExtensionsTests" name="testSHA256Checksum" time="0.2974649">
</testcase>
<testcase classname="BasicsTests.TarArchiverTests" name="testArchiveDoesntExist" time="0.774877">
</testcase>
<testcase classname="BasicsTests.TarArchiverTests" name="testCompress" time="2.1889995">
</testcase>
<testcase classname="BasicsTests.TarArchiverTests" name="testDestinationDoesntExist" time="0.5961216">
</testcase>
<testcase classname="BasicsTests.TarArchiverTests" name="testDestinationIsFile" time="0.293161">
</testcase>
<testcase classname="BasicsTests.TarArchiverTests" name="testInvalidArchive" time="0.6987948">
</testcase>
<testcase classname="BasicsTests.TarArchiverTests" name="testSuccess" time="0.4028261">
</testcase>
<testcase classname="BasicsTests.TarArchiverTests" name="testValidation" time="0.4788272">
</testcase>
<testcase classname="BasicsTests.TemporaryAsyncFileTests" name="testBasicTemporaryDirectory" time="0.6050469">
</testcase>
<testcase classname="BasicsTests.TemporaryAsyncFileTests" name="testCanCreateUniqueTempDirectories" time="0.1340682">
</testcase>
<testcase classname="BasicsTests.TemporaryAsyncFileTests" name="testCancelOfTask" time="0.0913796">
</testcase>
<testcase classname="BasicsTests.TripleTests" name="testDescription" time="0.1079601">
</testcase>
<testcase classname="BasicsTests.TripleTests" name="testEquality" time="0.0964689">
</testcase>
<testcase classname="BasicsTests.TripleTests" name="testIsAppleIsDarwin" time="0.1006655">
</testcase>
<testcase classname="BasicsTests.TripleTests" name="testIsRuntimeCompatibleWith" time="0.1129563">
</testcase>
<testcase classname="BasicsTests.TripleTests" name="testKnownTripleParsing" time="0.1066997">
</testcase>
<testcase classname="BasicsTests.TripleTests" name="testNoneOSDynamicLibrary" time="0.0972778">
</testcase>
<testcase classname="BasicsTests.TripleTests" name="testTriple" time="0.1068279">
</testcase>
<testcase classname="BasicsTests.TripleTests" name="testTripleStringForPlatformVersion" time="0.0776706">
</testcase>
<testcase classname="BasicsTests.TripleTests" name="testWASI" time="0.0995129">
</testcase>
<testcase classname="BasicsTests.URLSessionHTTPClientTest" name="testAsyncDelete" time="0.1266153">
</testcase>
<testcase classname="BasicsTests.URLSessionHTTPClientTest" name="testAsyncDownloadAuthenticatedSuccess" time="0.1432916">
</testcase>
<testcase classname="BasicsTests.URLSessionHTTPClientTest" name="testAsyncDownloadClientError" time="0.2009049">
</testcase>
<testcase classname="BasicsTests.URLSessionHTTPClientTest" name="testAsyncDownloadDefaultAuthenticationSuccess" time="0.8259762">
</testcase>
<testcase classname="BasicsTests.URLSessionHTTPClientTest" name="testAsyncDownloadServerError" time="0.7231351">
</testcase>
<testcase classname="BasicsTests.URLSessionHTTPClientTest" name="testAsyncDownloadSuccess" time="0.6389331">
</testcase>
<testcase classname="BasicsTests.URLSessionHTTPClientTest" name="testAsyncGet" time="0.710703">
</testcase>
<testcase classname="BasicsTests.URLSessionHTTPClientTest" name="testAsyncHead" time="0.4615578">
</testcase>
<testcase classname="BasicsTests.URLSessionHTTPClientTest" name="testAsyncPost" time="0.3878075">
</testcase>
<testcase classname="BasicsTests.URLSessionHTTPClientTest" name="testAsyncPut" time="0.2514495">
</testcase>
<testcase classname="BasicsTests.URLSessionHTTPClientTest" name="testDelete" time="0.1432204">
</testcase>
<testcase classname="BasicsTests.URLSessionHTTPClientTest" name="testDownloadAuthenticatedSuccess" time="0.1371773">
</testcase>
<testcase classname="BasicsTests.URLSessionHTTPClientTest" name="testDownloadClientError" time="0.1561837">
</testcase>
<testcase classname="BasicsTests.URLSessionHTTPClientTest" name="testDownloadDefaultAuthenticationSuccess" time="0.6527053">
</testcase>
<testcase classname="BasicsTests.URLSessionHTTPClientTest" name="testDownloadFileSystemError" time="0.2265399">
</testcase>
<testcase classname="BasicsTests.URLSessionHTTPClientTest" name="testDownloadServerError" time="0.1667202">
</testcase>
<testcase classname="BasicsTests.URLSessionHTTPClientTest" name="testDownloadSuccess" time="0.6535062">
</testcase>
<testcase classname="BasicsTests.URLSessionHTTPClientTest" name="testGet" time="8.3944313">
</testcase>
<testcase classname="BasicsTests.URLSessionHTTPClientTest" name="testHead" time="4.1934063">
</testcase>
<testcase classname="BasicsTests.URLSessionHTTPClientTest" name="testPost" time="2.8270301">
</testcase>
<testcase classname="BasicsTests.URLSessionHTTPClientTest" name="testPut" time="0.3691339">
</testcase>
<testcase classname="BasicsTests.UndirectedGraphTests" name="testNodesConnection" time="0.3069452">
</testcase>
<testcase classname="BasicsTests.UniversalArchiverTests" name="testArchiveDoesntExist" time="0.1418852">
</testcase>
<testcase classname="BasicsTests.UniversalArchiverTests" name="testCompress" time="0.6289825">
</testcase>
<testcase classname="BasicsTests.UniversalArchiverTests" name="testDestinationDoesntExist" time="0.1112783">
</testcase>
<testcase classname="BasicsTests.UniversalArchiverTests" name="testDestinationIsFile" time="0.1400239">
</testcase>
<testcase classname="BasicsTests.UniversalArchiverTests" name="testInvalidArchive" time="0.4275001">
</testcase>
<testcase classname="BasicsTests.UniversalArchiverTests" name="testSuccess" time="0.5322405">
</testcase>
<testcase classname="BasicsTests.UniversalArchiverTests" name="testValidation" time="1.6321401">
</testcase>
<testcase classname="BasicsTests.VFSTests" name="testLocalBasics" time="0.2921634">
<failure message="failed"></failure>
</testcase>
<testcase classname="BasicsTests.WalkTests" name="testNonRecursive" time="0.6493047">
</testcase>
<testcase classname="BasicsTests.WalkTests" name="testRecursive" time="0.5442409">
</testcase>
<testcase classname="BasicsTests.ZipArchiverTests" name="testCompress" time="0.6292571">
</testcase>
<testcase classname="BasicsTests.ZipArchiverTests" name="testValidation" time="0.4378595">
</testcase>
<testcase classname="BasicsTests.ZipArchiverTests" name="testZipArchiverArchiveDoesntExist" time="0.0979188">
</testcase>
<testcase classname="BasicsTests.ZipArchiverTests" name="testZipArchiverDestinationDoesntExist" time="0.0968441">
</testcase>
<testcase classname="BasicsTests.ZipArchiverTests" name="testZipArchiverDestinationIsFile" time="0.1175496">
</testcase>
<testcase classname="BasicsTests.ZipArchiverTests" name="testZipArchiverInvalidArchive" time="0.1587338">
</testcase>
<testcase classname="BasicsTests.ZipArchiverTests" name="testZipArchiverSuccess" time="0.336338">
</testcase>
<testcase classname="PackageRegistryTests.PackageSigningEntityTOFUTests" name="testNilSigningEntityShouldNotBeSaved" time="0.0889036">
</testcase>
<testcase classname="PackageRegistryTests.PackageSigningEntityTOFUTests" name="testNilSigningEntityWhenStorageHasNewerSignedVersions" time="0.092882">
</testcase>
<testcase classname="PackageRegistryTests.PackageSigningEntityTOFUTests" name="testNilSigningEntityWhenStorageHasOlderSignedVersionsInDifferentMajorVersion" time="0.0992289">
</testcase>
<testcase classname="PackageRegistryTests.PackageSigningEntityTOFUTests" name="testNilSigningEntityWhenStorageHasOlderSignedVersions_strictMode" time="0.088337">
</testcase>
<testcase classname="PackageRegistryTests.PackageSigningEntityTOFUTests" name="testNilSigningEntityWhenStorageHasOlderSignedVersions_warnMode" time="0.1161319">
</testcase>
<testcase classname="PackageRegistryTests.PackageSigningEntityTOFUTests" name="testPackageVersionLosingSigningEntity_strictMode" time="0.1441197">
</testcase>
<testcase classname="PackageRegistryTests.PackageSigningEntityTOFUTests" name="testSigningEntityDoesNotMatchStorageForDifferentVersion_strictMode" time="0.097121">
</testcase>
<testcase classname="PackageRegistryTests.PackageSigningEntityTOFUTests" name="testSigningEntityDoesNotMatchStorageForDifferentVersion_warnMode" time="0.1149816">
</testcase>
<testcase classname="PackageRegistryTests.PackageSigningEntityTOFUTests" name="testSigningEntityDoesNotMatchStorageForSameVersion_strictMode" time="0.0854858">
</testcase>
<testcase classname="PackageRegistryTests.PackageSigningEntityTOFUTests" name="testSigningEntityDoesNotMatchStorageForSameVersion_warnMode" time="0.0904949">
</testcase>
<testcase classname="PackageRegistryTests.PackageSigningEntityTOFUTests" name="testSigningEntityMatchesStorageForDifferentVersion" time="0.0845198">
</testcase>
<testcase classname="PackageRegistryTests.PackageSigningEntityTOFUTests" name="testSigningEntityMatchesStorageForSameVersion" time="0.0866612">
</testcase>
<testcase classname="PackageRegistryTests.PackageSigningEntityTOFUTests" name="testSigningEntityOfNewerVersionDoesNotMatchExpectedSignerAndNewerThanExisting" time="0.0891979">
</testcase>
<testcase classname="PackageRegistryTests.PackageSigningEntityTOFUTests" name="testSigningEntityOfNewerVersionDoesNotMatchExpectedSignerButOlderThanExisting" time="0.0929482">
</testcase>
<testcase classname="PackageRegistryTests.PackageSigningEntityTOFUTests" name="testSigningEntityOfNewerVersionMatchesExpectedSigner" time="0.116714">
</testcase>
<testcase classname="PackageRegistryTests.PackageSigningEntityTOFUTests" name="testSigningEntitySeenForTheFirstTime" time="0.0919031">
</testcase>
<testcase classname="PackageRegistryTests.PackageSigningEntityTOFUTests" name="testUnrecognizedSigningEntityShouldNotBeSaved" time="0.0999629">
</testcase>
<testcase classname="PackageRegistryTests.PackageSigningEntityTOFUTests" name="testWriteConflictsWithStorage_strictMode" time="0.0915474">
</testcase>
<testcase classname="PackageRegistryTests.PackageSigningEntityTOFUTests" name="testWriteConflictsWithStorage_warnMode" time="0.1835787">
</testcase>
<testcase classname="PackageRegistryTests.PackageVersionChecksumTOFUTests" name="testFetchSourceArchiveMetadataChecksum_404" time="0.4367623">
</testcase>
<testcase classname="PackageRegistryTests.PackageVersionChecksumTOFUTests" name="testFetchSourceArchiveMetadataChecksum_RegistryNotAvailable" time="0.6664539">
</testcase>
<testcase classname="PackageRegistryTests.PackageVersionChecksumTOFUTests" name="testFetchSourceArchiveMetadataChecksum_ServerError" time="0.4372913">
</testcase>
<testcase classname="PackageRegistryTests.PackageVersionChecksumTOFUTests" name="testManifestChecksumDoesNotMatchExpectedFromStorage_strictMode" time="0.5039347">
</testcase>
<testcase classname="PackageRegistryTests.PackageVersionChecksumTOFUTests" name="testManifestChecksumDoesNotMatchExpectedFromStorage_warnMode" time="0.2372965">
</testcase>
<testcase classname="PackageRegistryTests.PackageVersionChecksumTOFUTests" name="testManifestChecksumMatchingStorage" time="0.643956">
</testcase>
<testcase classname="PackageRegistryTests.PackageVersionChecksumTOFUTests" name="testManifestChecksumSeenForTheFirstTime" time="0.5420187">
</testcase>
<testcase classname="PackageRegistryTests.PackageVersionChecksumTOFUTests" name="testSourceArchiveChecksumDoesNotMatchExpectedFromStorage_strictMode" time="0.6410813">
</testcase>
<testcase classname="PackageRegistryTests.PackageVersionChecksumTOFUTests" name="testSourceArchiveChecksumDoesNotMatchExpectedFromStorage_warnMode" time="0.1880436">
</testcase>
<testcase classname="PackageRegistryTests.PackageVersionChecksumTOFUTests" name="testSourceArchiveChecksumMatchingStorage" time="0.2787031">
</testcase>
<testcase classname="PackageRegistryTests.PackageVersionChecksumTOFUTests" name="testSourceArchiveChecksumSeenForTheFirstTime" time="0.1488552">
</testcase>
<testcase classname="PackageRegistryTests.PackageVersionChecksumTOFUTests" name="testSourceArchiveMetadataChecksumConflictsWithStorage_strictMode" time="0.2349669">
</testcase>
<testcase classname="PackageRegistryTests.PackageVersionChecksumTOFUTests" name="testSourceArchiveMetadataChecksumConflictsWithStorage_warnMode" time="0.1653416">
</testcase>
<testcase classname="PackageRegistryTests.RegistryClientTests" name="testAvailableManifests" time="0.2125547">
</testcase>
<testcase classname="PackageRegistryTests.RegistryClientTests" name="testAvailableManifests_404" time="0.2115116">
</testcase>
<testcase classname="PackageRegistryTests.RegistryClientTests" name="testAvailableManifests_RegistryNotAvailable" time="0.1735236">
</testcase>
<testcase classname="PackageRegistryTests.RegistryClientTests" name="testAvailableManifests_ServerError" time="0.1575691">
</testcase>
<testcase classname="PackageRegistryTests.RegistryClientTests" name="testAvailableManifests_matchingChecksumInStorage" time="0.2253967">
</testcase>
<testcase classname="PackageRegistryTests.RegistryClientTests" name="testAvailableManifests_nonMatchingChecksumInStorage_strict" time="0.141163">
</testcase>
<testcase classname="PackageRegistryTests.RegistryClientTests" name="testAvailableManifests_nonMatchingChecksumInStorage_warn" time="0.2304517">
</testcase>
<testcase classname="PackageRegistryTests.RegistryClientTests" name="testDownloadSourceArchive" time="0.2089186">
</testcase>
<testcase classname="PackageRegistryTests.RegistryClientTests" name="testDownloadSourceArchive_404" time="0.1502558">
</testcase>
<testcase classname="PackageRegistryTests.RegistryClientTests" name="testDownloadSourceArchive_RegistryNotAvailable" time="0.1181489">
</testcase>
<testcase classname="PackageRegistryTests.RegistryClientTests" name="testDownloadSourceArchive_ServerError" time="0.1389119">
</testcase>
<testcase classname="PackageRegistryTests.RegistryClientTests" name="testDownloadSourceArchive_checksumNotInStorage" time="0.1697382">
</testcase>
<testcase classname="PackageRegistryTests.RegistryClientTests" name="testDownloadSourceArchive_matchingChecksumInStorage" time="0.2321596">
</testcase>
<testcase classname="PackageRegistryTests.RegistryClientTests" name="testDownloadSourceArchive_nonMatchingChecksumInStorage" time="0.2110145">
</testcase>
<testcase classname="PackageRegistryTests.RegistryClientTests" name="testDownloadSourceArchive_nonMatchingChecksumInStorage_fingerprintChecking_warn" time="0.1696117">
</testcase>
<testcase classname="PackageRegistryTests.RegistryClientTests" name="testDownloadSourceArchive_optionalContentVersion" time="0.1376172">
</testcase>
<testcase classname="PackageRegistryTests.RegistryClientTests" name="testGetManifestContent" time="0.1373022">
</testcase>
<testcase classname="PackageRegistryTests.RegistryClientTests" name="testGetManifestContent_404" time="0.152572">
</testcase>
<testcase classname="PackageRegistryTests.RegistryClientTests" name="testGetManifestContent_RegistryNotAvailable" time="0.1473553">
</testcase>
<testcase classname="PackageRegistryTests.RegistryClientTests" name="testGetManifestContent_ServerError" time="0.1891869">
</testcase>
<testcase classname="PackageRegistryTests.RegistryClientTests" name="testGetManifestContent_matchingChecksumInStorage" time="0.3845372">
</testcase>
<testcase classname="PackageRegistryTests.RegistryClientTests" name="testGetManifestContent_matchingChecksumInStorage_warn" time="0.3234127">
</testcase>
<testcase classname="PackageRegistryTests.RegistryClientTests" name="testGetManifestContent_nonMatchingChecksumInStorage_strict" time="0.1580567">
</testcase>
<testcase classname="PackageRegistryTests.RegistryClientTests" name="testGetManifestContent_optionalContentVersion" time="0.2587554">
</testcase>
<testcase classname="PackageRegistryTests.RegistryClientTests" name="testGetPackageMetadata" time="0.2349673">
</testcase>
<testcase classname="PackageRegistryTests.RegistryClientTests" name="testGetPackageMetadata_NotFound" time="0.1011219">
</testcase>
<testcase classname="PackageRegistryTests.RegistryClientTests" name="testGetPackageMetadata_RegistryNotAvailable" time="0.0897672">
</testcase>
<testcase classname="PackageRegistryTests.RegistryClientTests" name="testGetPackageMetadata_ServerError" time="0.1376441">
</testcase>
<testcase classname="PackageRegistryTests.RegistryClientTests" name="testGetPackageVersionMetadata" time="0.2910868">
</testcase>
<testcase classname="PackageRegistryTests.RegistryClientTests" name="testGetPackageVersionMetadata_404" time="0.1278489">
</testcase>
<testcase classname="PackageRegistryTests.RegistryClientTests" name="testGetPackageVersionMetadata_RegistryNotAvailable" time="0.1266418">
</testcase>
<testcase classname="PackageRegistryTests.RegistryClientTests" name="testGetPackageVersionMetadata_ServerError" time="0.1192417">
</testcase>
<testcase classname="PackageRegistryTests.RegistryClientTests" name="testLogin" time="0.103717">
</testcase>
<testcase classname="PackageRegistryTests.RegistryClientTests" name="testLogin_authenticationMethodNotSupported" time="0.099292">
</testcase>
<testcase classname="PackageRegistryTests.RegistryClientTests" name="testLogin_missingCredentials" time="0.2340665">
</testcase>
<testcase classname="PackageRegistryTests.RegistryClientTests" name="testLookupIdentities" time="0.5839498">
</testcase>
<testcase classname="PackageRegistryTests.RegistryClientTests" name="testLookupIdentities404" time="0.6661513">
</testcase>
<testcase classname="PackageRegistryTests.RegistryClientTests" name="testLookupIdentities_ServerError" time="0.4634405">
</testcase>
<testcase classname="PackageRegistryTests.RegistryClientTests" name="testRegistryAvailability" time="0.2046778">
</testcase>
<testcase classname="PackageRegistryTests.RegistryClientTests" name="testRegistryAvailability_NotAvailable" time="0.2136152">
</testcase>
<testcase classname="PackageRegistryTests.RegistryClientTests" name="testRegistryAvailability_NotSupported" time="0.2132591">
</testcase>
<testcase classname="PackageRegistryTests.RegistryClientTests" name="testRegistryAvailability_ServerError" time="0.5460754">
</testcase>
<testcase classname="PackageRegistryTests.RegistryClientTests" name="testRegistryPublishArchiveSignatureIsRequiredIfMetadataSigned" time="0.8245236">
</testcase>
<testcase classname="PackageRegistryTests.RegistryClientTests" name="testRegistryPublishAsync" time="0.4976637">
</testcase>
<testcase classname="PackageRegistryTests.RegistryClientTests" name="testRegistryPublishMetadataSignatureIsRequiredIfArchiveSigned" time="0.4025996">
</testcase>
<testcase classname="PackageRegistryTests.RegistryClientTests" name="testRegistryPublishSignatureFormatIsRequiredIfSigned" time="1.0135022">
</testcase>
<testcase classname="PackageRegistryTests.RegistryClientTests" name="testRegistryPublishSync" time="1.0738358">
</testcase>
<testcase classname="PackageRegistryTests.RegistryClientTests" name="testRegistryPublishWithSignature" time="0.9864615">
</testcase>
<testcase classname="PackageRegistryTests.RegistryClientTests" name="testRegistryPublish_InvalidArchive" time="0.6454923">
</testcase>
<testcase classname="PackageRegistryTests.RegistryClientTests" name="testRegistryPublish_InvalidMetadata" time="0.6395157">
</testcase>
<testcase classname="PackageRegistryTests.RegistryClientTests" name="testRegistryPublish_ServerError" time="0.1936333">
</testcase>
<testcase classname="PackageRegistryTests.RegistryClientTests" name="testRequestAuthorization_basic" time="0.1696912">
</testcase>
<testcase classname="PackageRegistryTests.RegistryClientTests" name="testRequestAuthorization_token" time="0.1604382">
</testcase>
<testcase classname="PackageRegistryTests.RegistryConfigurationTests" name="testDecodeConfigurationWithInvalidAuthenticationType" time="0.1213902">
</testcase>
<testcase classname="PackageRegistryTests.RegistryConfigurationTests" name="testDecodeConfigurationWithInvalidRegistryKey" time="0.1208224">
</testcase>
<testcase classname="PackageRegistryTests.RegistryConfigurationTests" name="testDecodeConfigurationWithInvalidRegistryValue" time="0.1314234">
</testcase>
<testcase classname="PackageRegistryTests.RegistryConfigurationTests" name="testDecodeConfigurationWithInvalidVersion" time="0.1272098">
</testcase>
<testcase classname="PackageRegistryTests.RegistryConfigurationTests" name="testDecodeConfigurationWithMissingVersion" time="0.1614051">
</testcase>
<testcase classname="PackageRegistryTests.RegistryConfigurationTests" name="testDecodeEmptyConfiguration" time="0.1569852">
</testcase>
<testcase classname="PackageRegistryTests.RegistryConfigurationTests" name="testDecodeEmptyConfigurationWithMissingKeys" time="0.1372491">
</testcase>
<testcase classname="PackageRegistryTests.RegistryConfigurationTests" name="testDecodeExampleConfiguration" time="0.198097">
</testcase>
<testcase classname="PackageRegistryTests.RegistryConfigurationTests" name="testDecodeSecurityConfigurationWithInvalidPackageKey" time="0.1445547">
</testcase>
<testcase classname="PackageRegistryTests.RegistryConfigurationTests" name="testDecodeSecurityConfigurationWithInvalidScopeKey" time="0.2913072">
</testcase>
<testcase classname="PackageRegistryTests.RegistryConfigurationTests" name="testEmptyConfiguration" time="0.6923028">
</testcase>
<testcase classname="PackageRegistryTests.RegistryConfigurationTests" name="testGetAuthenticationConfigurationByRegistryURL" time="0.9154149">
</testcase>
<testcase classname="PackageRegistryTests.RegistryConfigurationTests" name="testGetSigning_globalOverride" time="0.9020834">
</testcase>
<testcase classname="PackageRegistryTests.RegistryConfigurationTests" name="testGetSigning_multipleOverrides" time="0.4001233">
</testcase>
<testcase classname="PackageRegistryTests.RegistryConfigurationTests" name="testGetSigning_noOverrides" time="0.694768">
</testcase>
<testcase classname="PackageRegistryTests.RegistryConfigurationTests" name="testGetSigning_packageOverride" time="0.6702484">
</testcase>
<testcase classname="PackageRegistryTests.RegistryConfigurationTests" name="testGetSigning_registryOverride" time="0.4959407">
</testcase>
<testcase classname="PackageRegistryTests.RegistryConfigurationTests" name="testGetSigning_scopeOverride" time="0.2998976">
</testcase>
<testcase classname="PackageRegistryTests.RegistryConfigurationTests" name="testRoundTripCodingForEmptyConfiguration" time="0.3387814">
</testcase>
<testcase classname="PackageRegistryTests.RegistryConfigurationTests" name="testRoundTripCodingForExampleConfiguration" time="0.5036929">
</testcase>
<testcase classname="PackageRegistryTests.RegistryDownloadsManagerTests" name="testCache" time="0.7749306">
</testcase>
<testcase classname="PackageRegistryTests.RegistryDownloadsManagerTests" name="testConcurrency" time="10.506181">
</testcase>
<testcase classname="PackageRegistryTests.RegistryDownloadsManagerTests" name="testNoCache" time="0.5505576">
</testcase>
<testcase classname="PackageRegistryTests.SignatureValidationTests" name="testFailedToFetchArchiveSignatureToValidateManifest_diagnostics" time="1.0640813">
</testcase>
<testcase classname="PackageRegistryTests.SignatureValidationTests" name="testFailedToFetchSignature_shouldError" time="0.4692881">
</testcase>
<testcase classname="PackageRegistryTests.SignatureValidationTests" name="testSignedArchiveMalformedManifestSignature" time="0.9922147">
</testcase>
<testcase classname="PackageRegistryTests.SignatureValidationTests" name="testSignedArchiveUnknownManifestSignatureFormat" time="0.8714902">
</testcase>
<testcase classname="PackageRegistryTests.SignatureValidationTests" name="testSignedArchiveUnsignedManifest" time="0.6335893">
</testcase>
<testcase classname="PackageRegistryTests.SignatureValidationTests" name="testSignedManifest_badSignature" time="0.8995736">
</testcase>
<testcase classname="PackageRegistryTests.SignatureValidationTests" name="testSignedManifest_badSignature_skipSignatureValidation" time="0.907936">
</testcase>
<testcase classname="PackageRegistryTests.SignatureValidationTests" name="testSignedManifest_certificateNotTrusted_nonPrompt" time="1.1915178">
</testcase>
<testcase classname="PackageRegistryTests.SignatureValidationTests" name="testSignedManifest_certificateNotTrusted_shouldPrompt" time="1.1186903">
</testcase>
<testcase classname="PackageRegistryTests.SignatureValidationTests" name="testSignedManifest_invalidSignature" time="1.4981987">
</testcase>
<testcase classname="PackageRegistryTests.SignatureValidationTests" name="testSignedManifest_validSignature" time="0.640997">
</testcase>
<testcase classname="PackageRegistryTests.SignatureValidationTests" name="testSignedPackage_badSignature" time="0.2570824">
</testcase>
<testcase classname="PackageRegistryTests.SignatureValidationTests" name="testSignedPackage_badSignature_skipSignatureValidation" time="0.1892761">
</testcase>
<testcase classname="PackageRegistryTests.SignatureValidationTests" name="testSignedPackage_certificateNotTrusted_shouldError" time="0.2135243">
</testcase>
<testcase classname="PackageRegistryTests.SignatureValidationTests" name="testSignedPackage_certificateNotTrusted_shouldPrompt" time="0.1975237">
</testcase>
<testcase classname="PackageRegistryTests.SignatureValidationTests" name="testSignedPackage_certificateNotTrusted_shouldWarn" time="0.3186055">
</testcase>
<testcase classname="PackageRegistryTests.SignatureValidationTests" name="testSignedPackage_invalidSignature" time="0.2745088">
</testcase>
<testcase classname="PackageRegistryTests.SignatureValidationTests" name="testSignedPackage_validSignature" time="0.9583845">
</testcase>
<testcase classname="PackageRegistryTests.SignatureValidationTests" name="testUnsignedArchiveAndManifest_nonPrompt" time="0.1264568">
</testcase>
<testcase classname="PackageRegistryTests.SignatureValidationTests" name="testUnsignedArchiveAndManifest_shouldPrompt" time="0.1143972">
</testcase>
<testcase classname="PackageRegistryTests.SignatureValidationTests" name="testUnsignedPackage_shouldError" time="0.6364395">
</testcase>
<testcase classname="PackageRegistryTests.SignatureValidationTests" name="testUnsignedPackage_shouldPrompt" time="0.0826697">
</testcase>
<testcase classname="PackageRegistryTests.SignatureValidationTests" name="testUnsignedPackage_shouldWarn" time="0.089009">
</testcase>
<testcase classname="PackagePluginAPITests.ArgumentExtractorAPITests" name="testBasics" time="0.2682682">
</testcase>
<testcase classname="PackagePluginAPITests.ArgumentExtractorAPITests" name="testDashDashTerminal" time="0.7844746">
</testcase>
<testcase classname="PackagePluginAPITests.ArgumentExtractorAPITests" name="testEdgeCases" time="1.0781632">
</testcase>
<testcase classname="PackagePluginAPITests.ArgumentExtractorAPITests" name="testExtractOption" time="0.4139833">
</testcase>
<testcase classname="PackagePluginAPITests.PathAPITests" name="testBasics" time="0.3773403">
</testcase>
<testcase classname="PackagePluginAPITests.PathAPITests" name="testEdgeCases" time="0.201833">
</testcase>
<testcase classname="PackageModelTests.CanonicalPackageLocationTests" name="testCaseAndNormalizationInsensitivity" time="0.5131854">
</testcase>
<testcase classname="PackageModelTests.CanonicalPackageLocationTests" name="testCaseInsensitivity" time="1.135349">
</testcase>
<testcase classname="PackageModelTests.CanonicalPackageLocationTests" name="testFTPSScheme" time="0.759703">
</testcase>
<testcase classname="PackageModelTests.CanonicalPackageLocationTests" name="testFTPScheme" time="0.4959933">
</testcase>
<testcase classname="PackageModelTests.CanonicalPackageLocationTests" name="testFileScheme" time="1.0031888">
</testcase>
<testcase classname="PackageModelTests.CanonicalPackageLocationTests" name="testGitPlusHTTPSScheme" time="1.0533653">
</testcase>
<testcase classname="PackageModelTests.CanonicalPackageLocationTests" name="testGitScheme" time="0.3814444">
</testcase>
<testcase classname="PackageModelTests.CanonicalPackageLocationTests" name="testGitSchemeWithPort" time="0.8123029">
</testcase>
<testcase classname="PackageModelTests.CanonicalPackageLocationTests" name="testHTTPSScheme" time="1.0219518">
</testcase>
<testcase classname="PackageModelTests.CanonicalPackageLocationTests" name="testHTTPSSchemeWithFragment" time="0.9228334">
</testcase>
<testcase classname="PackageModelTests.CanonicalPackageLocationTests" name="testHTTPSSchemeWithFragmentAndGitSuffix" time="0.8232504">
</testcase>
<testcase classname="PackageModelTests.CanonicalPackageLocationTests" name="testHTTPSSchemeWithFragmentAndQuery" time="0.3086658">
</testcase>
<testcase classname="PackageModelTests.CanonicalPackageLocationTests" name="testHTTPSSchemeWithFragmentAndTrailingSlash" time="0.8729651">
</testcase>
<testcase classname="PackageModelTests.CanonicalPackageLocationTests" name="testHTTPSSchemeWithGitSuffix" time="1.1302191">
</testcase>
<testcase classname="PackageModelTests.CanonicalPackageLocationTests" name="testHTTPSSchemeWithGitSuffixAndSwiftExtension" time="0.7538462">
</testcase>
<testcase classname="PackageModelTests.CanonicalPackageLocationTests" name="testHTTPSSchemeWithGitSuffixAndTrailingSlash" time="0.3665275">
</testcase>
<testcase classname="PackageModelTests.CanonicalPackageLocationTests" name="testHTTPSSchemeWithInternationalizedDomainName" time="0.7549411">
</testcase>
<testcase classname="PackageModelTests.CanonicalPackageLocationTests" name="testHTTPSSchemeWithInvalidPercentEncoding" time="0.3911298">
</testcase>
<testcase classname="PackageModelTests.CanonicalPackageLocationTests" name="testHTTPSSchemeWithPercentEncoding" time="0.930121">
</testcase>
<testcase classname="PackageModelTests.CanonicalPackageLocationTests" name="testHTTPSSchemeWithPort" time="0.6794349">
</testcase>
<testcase classname="PackageModelTests.CanonicalPackageLocationTests" name="testHTTPSSchemeWithQuery" time="0.4470699">
</testcase>
<testcase classname="PackageModelTests.CanonicalPackageLocationTests" name="testHTTPSSchemeWithQueryAndGitSuffix" time="0.6046406">
</testcase>
<testcase classname="PackageModelTests.CanonicalPackageLocationTests" name="testHTTPSSchemeWithQueryAndTrailingSlash" time="1.1277106">
</testcase>
<testcase classname="PackageModelTests.CanonicalPackageLocationTests" name="testHTTPSSchemeWithTrailingSlash" time="0.5393706">
</testcase>
<testcase classname="PackageModelTests.CanonicalPackageLocationTests" name="testHTTPSSchemeWithUser" time="0.4238616">
</testcase>
<testcase classname="PackageModelTests.CanonicalPackageLocationTests" name="testHTTPSSchemeWithUserAndPassword" time="0.3515666">
</testcase>
<testcase classname="PackageModelTests.CanonicalPackageLocationTests" name="testHTTPScheme" time="0.5486369">
</testcase>
<testcase classname="PackageModelTests.CanonicalPackageLocationTests" name="testImplicitFileSchemeWithAbsolutePath" time="0.6129046">
</testcase>
<testcase classname="PackageModelTests.CanonicalPackageLocationTests" name="testImplicitSSHScheme" time="0.4839922">
</testcase>
<testcase classname="PackageModelTests.CanonicalPackageLocationTests" name="testImplicitSSHSchemeWithColonAndAbsolutePath" time="0.526939">
</testcase>
<testcase classname="PackageModelTests.CanonicalPackageLocationTests" name="testImplicitSSHSchemeWithColonAndRelativePath" time="0.2673426">
</testcase>
<testcase classname="PackageModelTests.CanonicalPackageLocationTests" name="testImplicitSSHSchemeWithColonInPathComponent" time="0.1495774">
</testcase>
<testcase classname="PackageModelTests.CanonicalPackageLocationTests" name="testImplicitSSHSchemeWithTildeExpansion" time="0.2977219">
</testcase>
<testcase classname="PackageModelTests.CanonicalPackageLocationTests" name="testImplicitSSHSchemeWithoutTildeExpansion" time="0.2645391">
</testcase>
<testcase classname="PackageModelTests.CanonicalPackageLocationTests" name="testNormalizationInsensitivity" time="0.2435127">
</testcase>
<testcase classname="PackageModelTests.CanonicalPackageLocationTests" name="testSSHScheme" time="0.1347372">
</testcase>
<testcase classname="PackageModelTests.CanonicalPackageLocationTests" name="testSSHSchemeWithColonAndAbsolutePath" time="0.1472217">
</testcase>
<testcase classname="PackageModelTests.CanonicalPackageLocationTests" name="testSSHSchemeWithColonAndRelativePath" time="0.1806935">
</testcase>
<testcase classname="PackageModelTests.CanonicalPackageLocationTests" name="testSSHSchemeWithPort" time="0.1548434">
</testcase>
<testcase classname="PackageModelTests.CanonicalPackageLocationTests" name="testSSHSchemeWithTildeExpansion" time="0.2008613">
</testcase>
<testcase classname="PackageModelTests.CanonicalPackageLocationTests" name="testSSHSchemeWithoutTildeExpansion" time="0.3274816">
</testcase>
<testcase classname="PackageModelTests.CanonicalPackageLocationTests" name="testScheme" time="0.2818307">
</testcase>
<testcase classname="PackageModelTests.DestinationTests" name="testDefaultSDKs" time="0.2786287">
</testcase>
<testcase classname="PackageModelTests.DestinationTests" name="testDestinationCodable" time="0.2060159">
</testcase>
<testcase classname="PackageModelTests.DestinationTests" name="testSelectDestination" time="0.0936802">
</testcase>
<testcase classname="PackageModelTests.InstalledSwiftPMConfigurationTests" name="testVersionDescription" time="0.0882457">
</testcase>
<testcase classname="PackageModelTests.ManifestTests" name="testRequiredDependencies" time="0.0887226">
</testcase>
<testcase classname="PackageModelTests.ManifestTests" name="testRequiredTargets" time="0.1002525">
</testcase>
<testcase classname="PackageModelTests.MinimumDeploymentTargetTests" name="testDoesNotAssertWithNoOutput" time="0.0974754">
</testcase>
<testcase classname="PackageModelTests.MinimumDeploymentTargetTests" name="testThrowsWithErrorForOutput" time="0.1637885">
</testcase>
<testcase classname="PackageModelTests.MinimumDeploymentTargetTests" name="testThrowsWithNonPathOutput" time="0.1165644">
</testcase>
<testcase classname="PackageModelTests.PackageIdentityNameTests" name="testInvalidNames" time="0.1168208">
</testcase>
<testcase classname="PackageModelTests.PackageIdentityNameTests" name="testNamesAreCaseInsensitive" time="0.0939285">
</testcase>
<testcase classname="PackageModelTests.PackageIdentityNameTests" name="testValidNames" time="0.4902104">
</testcase>
<testcase classname="PackageModelTests.PackageIdentityParserTests" name="testPackageIdentityDescriptions" time="0.5361216">
</testcase>
<testcase classname="PackageModelTests.PackageIdentityScopeTests" name="testInvalidScopes" time="0.8760931">
</testcase>
<testcase classname="PackageModelTests.PackageIdentityScopeTests" name="testScopesAreCaseInsensitive" time="0.3494021">
</testcase>
<testcase classname="PackageModelTests.PackageIdentityScopeTests" name="testValidScopes" time="0.1754772">
</testcase>
<testcase classname="PackageModelTests.PackageModelTests" name="testAndroidCompilerFlags" time="0.445831">
</testcase>
<testcase classname="BasicsTests.ConcurrencyHelpersTest" name="testThreadSafeKeyValueStore" time="211.7095858">
<failure message="failed"></failure>
</testcase>
<testcase classname="PackageModelTests.PackageModelTests" name="testProductFilterCodable" time="0.7357929">
</testcase>
<testcase classname="PackageModelTests.PackageModelTests" name="testDetermineSwiftCompilers" time="1.0785505">
<failure message="failed"></failure>
</testcase>
<testcase classname="PackageModelTests.PackageModelTests" name="testProductTypeCodable" time="1.5680704">
</testcase>
<testcase classname="PackageModelTests.PackageModelTests" name="testWindowsLibrarianSelection" time="1.5683693">
</testcase>
<testcase classname="PackageModelTests.SnippetTests" name="testBasic" time="0.6215946">
</testcase>
<testcase classname="BasicsTests.ConcurrencyHelpersTest" name="testThreadSafeBox" time="215.8884018">
<failure message="failed"></failure>
</testcase>
[...]
</testcase>
<testcase classname="SPMBuildCoreTests.PluginInvocationTests" name="testUnsupportedDependencyTarget" time="14.8070373">
</testcase>
<testcase classname="SPMBuildCoreTests.XCFrameworkMetadataTests" name="testParseFramework" time="0.7715377">
</testcase>
<testcase classname="SPMBuildCoreTests.PluginInvocationTests" name="testUnsupportedDependencyProduct" time="23.3307314">
</testcase>
<testcase classname="SPMBuildCoreTests.XCFrameworkMetadataTests" name="testParseLibrary" time="0.9044729">
</testcase>
<testcase classname="SPMBuildCoreTests.PluginInvocationTests" name="testScanImportsInPluginTargets" time="29.3636696">
</testcase>
<testcase classname="BuildTests.BuildOperationTests" name="testHostProductsAndTargetsWithoutExplicitDestination" time="2.4241392">
</testcase>
<testcase classname="BuildTests.BuildPlanTests" name="testAddressSanitizer" time="1.9262137">
</testcase>
<testcase classname="BuildTests.BuildPlanTests" name="testArtifactsArchiveBinaryTargets" time="0.7775218">
</testcase>
<testcase classname="BuildTests.BuildOperationTests" name="testDetectProductTripleChange" time="4.2648888">
</testcase>
<testcase classname="BuildTests.BuildPlanTests" name="testArchiving" time="2.2013405">
</testcase>
<testcase classname="BuildTests.BuildPlanTests" name="testBasicClangPackage" time="2.4502387">
</testcase>
<testcase classname="BuildTests.BuildPlanTests" name="testBasicExtPackages" time="1.7614551">
</testcase>
<testcase classname="BuildTests.BuildPlanTests" name="testBasicReleasePackage" time="2.5459163">
</testcase>
<testcase classname="BuildTests.BuildPlanTests" name="testBasicReleasePackageNoDeadStrip" time="2.4539324">
</testcase>
<testcase classname="BuildTests.BuildPlanTests" name="testBasicSwiftPackage" time="2.548681">
</testcase>
<testcase classname="BuildTests.BuildPlanTests" name="testBasicSwiftPackageWithoutLocalRpath" time="2.1465918">
</testcase>
<testcase classname="BuildTests.BuildPlanTests" name="testBuildSettings" time="0.7842687">
</testcase>
<testcase classname="BuildTests.BuildPlanTests" name="testCLanguageStandard" time="2.7737983">
</testcase>
<testcase classname="BuildTests.BuildPlanTests" name="testBuildParameterLTOMode" time="4.1522861">
</testcase>
<testcase classname="BuildTests.BuildPlanTests" name="testCModule" time="3.2275577">
</testcase>
<testcase classname="BuildTests.BuildPlanTests" name="testClangConditionalDependency" time="0.5258428">
</testcase>
<testcase classname="BuildTests.BuildPlanTests" name="testClangBundleAccessor" time="1.9812404">
</testcase>
<testcase classname="BuildTests.BuildPlanTests" name="testClangTargets" time="1.8530687">
</testcase>
<testcase classname="BuildTests.BuildPlanTests" name="testConcurrencyInOS" time="1.971593">
</testcase>
<testcase classname="BuildTests.BuildPlanTests" name="testCppModule" time="1.1101964">
</testcase>
<testcase classname="BuildTests.BuildPlanTests" name="testDefaultVersions" time="1.1860803">
</testcase>
<testcase classname="BuildTests.BuildPlanTests" name="testDerivingDylibs" time="1.1865941">
</testcase>
<testcase classname="BuildTests.BuildPlanTests" name="testDuplicateProductNamesThrowError" time="0.2340286">
</testcase>
<testcase classname="BuildTests.BuildPlanTests" name="testDuplicateProductNamesAllowed" time="1.1737767">
</testcase>
<testcase classname="BuildTests.BuildPlanTests" name="testDuplicateProductNamesChained" time="0.9565261">
</testcase>
<testcase classname="BuildTests.BuildPlanTests" name="testDuplicateProductNamesUpstream1" time="1.1501601">
</testcase>
<testcase classname="BuildTests.BuildPlanTests" name="testDuplicateProductNamesUpstream2" time="1.2542802">
</testcase>
<testcase classname="BuildTests.BuildPlanTests" name="testDuplicateProductNamesWithNonDefaultLibsThrowError" time="0.3194257">
</testcase>
<testcase classname="BuildTests.BuildPlanTests" name="testDuplicateProductNamesWithADylib" time="1.2486656">
</testcase>
<testcase classname="BuildTests.BuildPlanTests" name="testEntrypointRenaming" time="0.5282659">
</testcase>
<testcase classname="BuildTests.BuildPlanTests" name="testDynamicProducts" time="1.1420953">
</testcase>
<testcase classname="BuildTests.BuildPlanTests" name="testExecAsDependency" time="1.1512217">
</testcase>
<testcase classname="BuildTests.BuildPlanTests" name="testExplicitSwiftPackageBuild" time="0.3542247">
</testcase>
<testcase classname="BuildTests.BuildPlanTests" name="testExecBuildTimeDependency" time="1.0193346">
</testcase>
<testcase classname="BuildTests.BuildPlanTests" name="testModulewrap" time="0.3260835">
</testcase>
<testcase classname="BuildTests.BuildPlanTests" name="testExtraBuildFlags" time="0.9889459">
</testcase>
<testcase classname="BuildTests.BuildPlanTests" name="testNonReachableProductsAndTargets" time="1.1717134">
</testcase>
<testcase classname="BuildTests.BuildPlanTests" name="testObjCHeader1" time="1.1179163">
</testcase>
<testcase classname="BuildTests.BuildPlanTests" name="testObjCHeader2" time="1.2863047">
</testcase>
<testcase classname="BuildTests.BuildPlanTests" name="testObjCHeader3" time="1.1348181">
</testcase>
<testcase classname="BuildTests.BuildPlanTests" name="testPackageDependencySetsUserModuleVersion" time="0.2763565">
</testcase>
<testcase classname="BuildTests.BuildPlanTests" name="testIndexStore" time="3.2674051">
</testcase>
<testcase classname="BuildTests.BuildPlanTests" name="testPkgConfigGenericDiagnostic" time="1.3505073">
</testcase>
<testcase classname="BuildTests.BuildPlanTests" name="testParseAsLibraryFlagForExe" time="1.5416173">
</testcase>
<testcase classname="BuildTests.BuildPlanTests" name="testPkgConfigHintDiagnostic" time="1.4172325">
</testcase>
<testcase classname="BuildTests.BuildPlanTests" name="testPlatforms" time="1.309022">
</testcase>
<testcase classname="BuildTests.BuildPlanTests" name="testPlatformsCustomTriple" time="0.3431022">
</testcase>
<testcase classname="BuildTests.BuildPlanTests" name="testPlatformsValidationComparesSpecifiedDarwinTriple" time="0.3320854">
</testcase>
<testcase classname="BuildTests.BuildPlanTests" name="testREPLArguments" time="1.6629952">
</testcase>
<testcase classname="BuildTests.BuildPlanTests" name="testPlatformsValidationWhenADependencyRequiresHigherOSVersionThanPackage" time="1.6759299">
</testcase>
<testcase classname="BuildTests.BuildPlanTests" name="testReachableBuildProductsAndTargets" time="0.5377548">
</testcase>
<testcase classname="BuildTests.BuildPlanTests" name="testShouldLinkStaticSwiftStdlib" time="0.5216384">
</testcase>
<testcase classname="BuildTests.BuildPlanTests" name="testScudoSanitizer" time="1.7047171">
</testcase>
<testcase classname="BuildTests.BuildPlanTests" name="testSnippets" time="1.0824373">
</testcase>
<testcase classname="BuildTests.BuildPlanTests" name="testSwiftBundleAccessor" time="1.0296449">
</testcase>
<testcase classname="BuildTests.BuildPlanTests" name="testSwiftCAsmMixed" time="1.0692336">
</testcase>
<testcase classname="BuildTests.BuildPlanTests" name="testSwiftConditionalDependency" time="0.4392257">
</testcase>
<testcase classname="BuildTests.BuildPlanTests" name="testSwiftCMixed" time="1.3170959">
</testcase>
<testcase classname="BuildTests.BuildPlanTests" name="testSwiftTestingFlagsOnMacOSWithCustomToolchain" time="0.4271537">
</testcase>
<testcase classname="BuildTests.BuildPlanTests" name="testSwiftSettings_interoperabilityMode_cxx" time="1.1744539">
</testcase>
<testcase classname="BuildTests.BuildPlanTests" name="testSwiftWASIBundleAccessor" time="0.3454339">
</testcase>
<testcase classname="BuildTests.BuildPlanTests" name="testSystemPackageBuildPlan" time="1.0380408">
</testcase>
<testcase classname="BuildTests.BuildPlanTests" name="testTestModule" time="1.2113625">
</testcase>
<testcase classname="BuildTests.BuildPlanTests" name="testThreadSanitizer" time="1.5436324">
</testcase>
<testcase classname="BuildTests.BuildPlanTests" name="testUndefinedSanitizer" time="1.1898138">
</testcase>
<testcase classname="BuildTests.BuildPlanTests" name="testUserToolchainCompileFlags" time="0.9783493">
<failure message="failed"></failure>
</testcase>
<testcase classname="BuildTests.BuildPlanTests" name="testUserToolchainWithSDKSearchPaths" time="1.1788757">
<failure message="failed"></failure>
</testcase>
<testcase classname="BuildTests.BuildPlanTests" name="testUserToolchainWithToolsetCompileFlags" time="1.1176326">
<failure message="failed"></failure>
</testcase>
<testcase classname="BuildTests.BuildPlanTests" name="testWindowsTarget" time="0.3761506">
</testcase>
<testcase classname="BuildTests.BuildPlanTests" name="testXCFrameworkBinaryTargets" time="0.4433305">
</testcase>
<testcase classname="BuildTests.BuildPlanTests" name="test_symbolGraphExtract_arguments" time="1.1394395">
<failure message="failed"></failure>
</testcase>
<testcase classname="BuildTests.BuildPlanTests" name="test_wholeModuleOptimization_enabledInEmbedded" time="1.8666462">
</testcase>
<testcase classname="BuildTests.BuildPlanTests" name="test_wholeModuleOptimization_enabledInRelease" time="2.7169497">
</testcase>
<testcase classname="BuildTests.BuildPlanTraversalTests" name="testRecursiveDependencyTraversal" time="1.2669993">
</testcase>
<testcase classname="BuildTests.BuildPlanTraversalTests" name="testRecursiveDependencyTraversalWithDuplicates" time="0.9816178">
</testcase>
<testcase classname="BuildTests.BuildPlanTraversalTests" name="testTraversalWithDifferentDestinations" time="1.1297174">
</testcase>
<testcase classname="BuildTests.BuildPlanTraversalTests" name="testTrivialTraversal" time="0.718315">
</testcase>
<testcase classname="BuildTests.BuildSystemDelegateTests" name="testDoNotFilterLinkerDiagnostics" time="4.3158489">
</testcase>
<testcase classname="BuildTests.BuildPlanTests" name="testTargetsWithPackageAccess" time="57.9061308">
</testcase>
<testcase classname="BuildTests.ClangTargetBuildDescriptionTests" name="testClangIndexStorePath" time="4.3659653">
</testcase>
<testcase classname="BuildTests.ClangTargetBuildDescriptionTests" name="testSwiftCorelibsFoundationIncludeWorkaround" time="0.7191687">
</testcase>
<testcase classname="SourceControlTests.GitRepositoryTests" name="testSubmodules" time="250.6963997">
</testcase>
<testcase classname="BuildTests.CrossCompilationBuildPlanTests" name="testEmbeddedWasmTarget" time="1.0806974">
</testcase>
<testcase classname="BuildTests.BuildSystemDelegateTests" name="testFilterNonFatalCodesignMessages" time="45.3099782">
<failure message="failed"></failure>
</testcase>
<testcase classname="BuildTests.CrossCompilationBuildPlanTests" name="testMacros" time="1.0453561">
</testcase>
<testcase classname="BuildTests.ClangTargetBuildDescriptionTests" name="testWarningSuppressionForRemotePackages" time="6.0096412">
</testcase>
<testcase classname="BuildTests.CrossCompilationBuildPlanTests" name="testMacrosTests" time="1.1103891">
</testcase>
<testcase classname="BuildTests.CrossCompilationBuildPlanTests" name="testWASITarget" time="0.9832191">
</testcase>
<testcase classname="BuildTests.CrossCompilationBuildPlanTests" name="testToolsExplicitLibraries" time="1.8910325">
</testcase>
<testcase classname="BuildTests.CrossCompilationBuildPlanTests" name="testWasmTargetRelease" time="1.8905957">
</testcase>
<testcase classname="BuildTests.BuildPlanTests" name="testPackageNameFlag" time="123.6549137">
</testcase>
<testcase classname="BuildTests.IncrementalBuildTests" name="testSDKTracking" time="0.8996951">
</testcase>
<testcase classname="BuildTests.LLBuildManifestBuilderTests" name="testCreateProductCommand" time="0.52179">
</testcase>
<testcase classname="BuildTests.LLBuildManifestBuilderTests" name="testToolsBuildTriple" time="0.3404713">
<failure message="failed"></failure>
</testcase>
<testcase classname="BuildTests.IncrementalBuildTests" name="testDisableBuildManifestCaching" time="44.9538631">
</testcase>
<testcase classname="BuildTests.ModuleAliasingBuildTests" name="testModuleAliasingAddOverrideAliasesUpstream" time="0.9435777">
</testcase>
<testcase classname="BuildTests.ModuleAliasingBuildTests" name="testModuleAliasingAliasSkipUpstreamTargets" time="1.1211738">
</testcase>
<testcase classname="BuildTests.ModuleAliasingBuildTests" name="testModuleAliasingAllConflictingAliasesFromMultiProducts" time="0.8651689">
</testcase>
<testcase classname="BuildTests.IncrementalBuildTests" name="testIncrementalSingleModuleCLibraryInSources" time="46.322937">
</testcase>
<testcase classname="BuildTests.ModuleAliasingBuildTests" name="testModuleAliasingChainedAliases1" time="1.3685468">
</testcase>
<testcase classname="BuildTests.ModuleAliasingBuildTests" name="testModuleAliasingChainedAliases2" time="1.3365628">
</testcase>
<testcase classname="BuildTests.ModuleAliasingBuildTests" name="testModuleAliasingChainedAliases3" time="1.6268462">
</testcase>
<testcase classname="BuildTests.ModuleAliasingBuildTests" name="testModuleAliasingChainedAliases5" time="1.2879227">
</testcase>
<testcase classname="BuildTests.ModuleAliasingBuildTests" name="testModuleAliasingDuplicateDylibProductNames" time="0.2433219">
</testcase>
<testcase classname="BuildTests.ModuleAliasingBuildTests" name="testModuleAliasingDirectDeps" time="1.1158">
</testcase>
<testcase classname="BuildTests.ModuleAliasingBuildTests" name="testModuleAliasingDuplicateDylibStaticLibProductNames" time="0.4036078">
</testcase>
<testcase classname="BuildTests.ModuleAliasingBuildTests" name="testModuleAliasingDuplicateDylibAutomaticProductNames" time="1.0973353">
</testcase>
<testcase classname="BuildTests.ModuleAliasingBuildTests" name="testModuleAliasingDuplicateProductNames" time="1.2845479">
</testcase>
<testcase classname="BuildTests.ModuleAliasingBuildTests" name="testModuleAliasingDuplicateProductNamesUpstream" time="1.2173937">
</testcase>
<testcase classname="BuildTests.ModuleAliasingBuildTests" name="testModuleAliasingDuplicateStaticLibAutomaticProductNames" time="1.9660876">
</testcase>
<testcase classname="BuildTests.ModuleAliasingBuildTests" name="testModuleAliasingDuplicateTargetNameInNestedUpstream" time="2.3616885">
</testcase>
<testcase classname="BuildTests.ModuleAliasingBuildTests" name="testModuleAliasingDuplicateTargetNameInUpstream" time="2.3571975">
</testcase>
<testcase classname="BuildTests.ModuleAliasingBuildTests" name="testModuleAliasingEmptyAlias" time="0.4393256">
</testcase>
<testcase classname="BuildTests.ModuleAliasingBuildTests" name="testModuleAliasingInvalidIdentifierAlias" time="0.3119657">
</testcase>
<testcase classname="BuildTests.ModuleAliasingBuildTests" name="testModuleAliasingInvalidSourcesInNonAliasedModulesNestedUpstream" time="0.2583397">
</testcase>
<testcase classname="BuildTests.ModuleAliasingBuildTests" name="testModuleAliasingDuplicateTargetNamesFromMultiplePkgs" time="1.8541287">
</testcase>
<testcase classname="BuildTests.ModuleAliasingBuildTests" name="testModuleAliasingInvalidSourcesNestedUpstream" time="0.2669786">
</testcase>
<testcase classname="BuildTests.ModuleAliasingBuildTests" name="testModuleAliasingInvalidSourcesInNonAliasedModulesUpstream" time="0.3808966">
</testcase>
<testcase classname="BuildTests.ModuleAliasingBuildTests" name="testModuleAliasingInvalidSourcesUpstream" time="0.3006538">
</testcase>
<testcase classname="BuildTests.ModuleAliasingBuildTests" name="testModuleAliasingMultipleAliasesInProduct" time="0.4107218">
</testcase>
<testcase classname="BuildTests.ModuleAliasingBuildTests" name="testModuleAliasingMergeAliasesOfSameTargets" time="1.0587368">
</testcase>
<testcase classname="BuildTests.ModuleAliasingBuildTests" name="testModuleAliasingOverrideMultipleAliases" time="1.1304249">
</testcase>
<testcase classname="BuildTests.ModuleAliasingBuildTests" name="testModuleAliasingOverrideSameNameTargetAndDepWithAliases" time="0.8856271">
</testcase>
<testcase classname="BuildTests.ModuleAliasingBuildTests" name="testModuleAliasingOverrideUpstreamTargetsWithAliases" time="0.9885209">
</testcase>
<testcase classname="BuildTests.ModuleAliasingBuildTests" name="testModuleAliasingOverrideUpstreamTargetsWithAliasesDownstream" time="1.0474579">
</testcase>
<testcase classname="BuildTests.ModuleAliasingBuildTests" name="testModuleAliasingOverrideUpstreamTargetsWithAliasesMultipleAliasesInProduct" time="1.6277181">
</testcase>
<testcase classname="BuildTests.ModuleAliasingBuildTests" name="testModuleAliasingProductTargetsWithSameName1" time="1.4277075">
</testcase>
<testcase classname="BuildTests.ModuleAliasingBuildTests" name="testModuleAliasingSameNameTargetsWithAliasesInMultiProducts" time="1.2140486">
</testcase>
<testcase classname="BuildTests.ModuleAliasingBuildTests" name="testModuleAliasingSameTargetFromUpstreamWithoutAlias" time="1.2721318">
</testcase>
<testcase classname="BuildTests.ModuleAliasingBuildTests" name="testModuleAliasingSomeConflictingAliasesInMultiProducts" time="0.9072755">
</testcase>
<testcase classname="BuildTests.ModuleAliasingBuildTests" name="testModuleAliasingTargetAndProductTargetWithSameName" time="0.91127">
</testcase>
<testcase classname="BuildTests.ModuleAliasingBuildTests" name="testModuleAliasingUpstreamProductTargetsWithSameName3" time="0.9541989">
</testcase>
<testcase classname="BuildTests.ModuleAliasingBuildTests" name="testModuleAliasingUpstreamProductTargetsWithSameName2" time="1.2901761">
</testcase>
<testcase classname="BuildTests.ModuleAliasingBuildTests" name="testModuleAliasingUpstreamProductTargetsWithSameName4" time="1.0886746">
</testcase>
<testcase classname="BuildTests.ModuleAliasingBuildTests" name="testProductAliasingWarnsIfPackageWithOlderToolsVersionIsPossibleCauseOfConflict" time="0.2666343">
</testcase>
<testcase classname="BuildTests.PluginsBuildPlanTests" name="testCommandPluginDependenciesWhenCrossCompiling" time="0.178796">
</testcase>
<testcase classname="BuildTests.ModuleAliasingBuildTests" name="testProductAliasingDoesNotBreakPackagesWithOlderToolsVersions" time="1.2801234">
</testcase>
<testcase classname="BuildTests.PrepareForIndexTests" name="testCModuleTarget" time="1.751965">
</testcase>
<testcase classname="BuildTests.PrepareForIndexTests" name="testEnableTesting" time="1.535054">
<failure message="failed"></failure>
</testcase>
<testcase classname="BuildTests.IncrementalBuildTests" name="testBuildManifestCaching" time="63.4333522">
</testcase>
<testcase classname="BuildTests.PrepareForIndexTests" name="testPrepare" time="1.3976211">
<failure message="failed"></failure>
</testcase>
<testcase classname="BuildTests.PrepareForIndexTests" name="testPrepareNoLazy" time="1.188504">
<failure message="failed"></failure>
</testcase>
<testcase classname="BuildTests.ProductBuildDescriptionTests" name="testEmbeddedProducts" time="0.3331886">
</testcase>
<testcase classname="BuildTests.SwiftCompilerOutputParserTests" name="testParse" time="0.3326891">
</testcase>
<testcase classname="BuildTests.SwiftCompilerOutputParserTests" name="testRawTextTransformsIntoUnknown" time="0.4011029">
</testcase>
<testcase classname="BuildTests.SwiftCompilerOutputParserTests" name="testSignalledStopsParsing" time="0.3061052">
</testcase>
<testcase classname="BuildTests.WindowsBuildPlanTests" name="testLinux" time="0.2930158">
</testcase>
<testcase classname="BuildTests.WindowsBuildPlanTests" name="testMacOS" time="0.3754719">
</testcase>
<testcase classname="BuildTests.WindowsBuildPlanTests" name="testWindows" time="0.5924053">
</testcase>
<testcase classname="_AsyncFileSystemTests.AsyncFileSystemTests" name="testMockFileSystem" time="0.4992817">
</testcase>
<testcase classname="_AsyncFileSystemTests.AsyncFileSystemTests" name="testOSFileSystem" time="0.4902608">
</testcase>
<testcase classname="BuildTests.PrepareForIndexTests" name="testToolsDontPrepare" time="2.3026105">
</testcase>
<testcase classname="BuildTests.PluginsBuildPlanTests" name="testBuildToolsDatabasePath" time="48.6155031">
<failure message="failed"></failure>
</testcase>
</testsuite>
</testsuites>
